<html xmlns:math="http://exslt.org/math" xmlns:testng="http://testng.org">
   <head>
      <title>TestNG Results</title>
      <meta http-equiv="content-type" content="text/html; charset=utf-8"></meta>
      <meta http-equiv="pragma" content="no-cache"></meta>
      <meta http-equiv="cache-control" content="max-age=0"></meta>
      <meta http-equiv="cache-control" content="no-cache"></meta>
      <meta http-equiv="cache-control" content="no-store"></meta>
      <LINK rel="stylesheet" href="style.css"></LINK>
      <script type="text/javascript" src="main.js"></script>
   </head>
   <body>
      <table width="100%" style="font-size: 16px; margin-bottom: 10px;" cellspacing="1">
         <tr>
            <td width="100%">
               All methods in suite
               
               <b>My Test Suite</b>
            </td>
            <td style="background-color: #FFBBBB; padding: 3px 3px 3px 0;" align="center">
               <div style="width: 50px;">5</div>
            </td>
            <td style="background-color: lightgreen; padding: 3px 3px 3px 0;" align="center">
               <div style="width: 50px;">6</div>
            </td>
            <td style="background-color: #FFFFBB; padding: 3px 3px 3px 0;" align="center">
               <div style="width: 50px;">1</div>
            </td>
            <td align="center" style="background-color: #eaf0f7; padding: 3px 3px 3px 0;">
               <div style="width: 50px;">12</div>
            </td>
            <td align="center"
                style="font-weight: bold; background-color: #eaf0f7; padding: 3px 3px 3px 0;">
               <div style="width: 50px;">50%</div>
            </td>
            <td style="background-color: #eaf0f7; padding: 3px 3px 3px 0;" align="center"
                nowrap="true">241 ms
               
            </td>
         </tr>
      </table>
      <div style="width: 200px;">
         <label for="groupMethodsCheckBox" style="font-weight: bold; margin: 0;">
            <input id="groupMethodsCheckBox" type="checkbox" onclick="switchTestMethodsView(this)"></input>
            Group by class
            
         </label>
         <br></br>
         <label for="methodsFilter_ALL" style="font-weight: bold; margin: 0;">
            <input id="methodsFilter_ALL" type="checkbox"
                   onclick="testMethodsFilterChanged(this, 'ALL')"></input>
            All
            
         </label>
      </div>
      <label for="methodsFilter_FAIL" style="margin-left: 20px;">
         <input id="methodsFilter_FAIL" type="checkbox"
                onclick="testMethodsFilterChanged(this, 'FAIL')"
                checked=""></input>
         Failed
         
      </label>
      <label for="methodsFilter_PASS">
         <input id="methodsFilter_PASS" type="checkbox"
                onclick="testMethodsFilterChanged(this, 'PASS')"
                checked=""></input>
         Passed
         
      </label>
      <label for="methodsFilter_SKIP">
         <input id="methodsFilter_SKIP" type="checkbox"
                onclick="testMethodsFilterChanged(this, 'SKIP')"
                checked=""></input>
         Skipped
         
      </label>
      <label for="methodsFilter_CONF">
         <input id="methodsFilter_CONF" type="checkbox"
                onclick="testMethodsFilterChanged(this, 'CONF')"></input>
         Config
         
      </label>
      <br></br>
      <div id="testMethodsByStatus">
         <table class="testMethodsTable" cellpadding="0" cellspacing="0">
            <tr class="methodsTableHeader">
               <td width="100%">Name</td>
               <td nowrap="true">Started</td>
               <td nowrap="true">Duration</td>
               <td>Exception</td>
            </tr>
            <tr id="Bank.Bank1_MoneyTransfer_byStatus_failed_FAIL1_row"
                class="testMethodStatusFAIL">
               <td width="100%" class="firstMethodCell">
                  <a onclick="toggleDetailsVisibility('Bank.Bank1_MoneyTransfer_byStatus_failed_FAIL1_details')">MoneyTransfer()</a>
               </td>
               <td nowrap="true">22:17:14</td>
               <td nowrap="true" align="right">46 ms
                  
               </td>
               <td nowrap="true">
                  <a onclick="toggleDetailsVisibility('Bank.Bank1_MoneyTransfer_byStatus_failed_FAIL1_exception')">java.io.FileNotFoundException: 
                     D:\Selenium-Project\Abhishek_Project\Jenkins_Git\localgitrep\HDFCBank\ReportOP\TestHtmlReport.html (The system cannot find
                     the path specified)
                     
                  </a>
                   
                  
               </td>
            </tr>
            <tr>
               <td colspan="4" class="detailsBox">
                  <div id="Bank.Bank1_MoneyTransfer_byStatus_failed_FAIL1_details"
                       class="testMethodDetails">
                     <div>
                        <b>Name: </b>MoneyTransfer
                     </div>
                     <div>
                        <b>Signature: </b>MoneyTransfer()[pri:0, instance:Bank.Bank1@43a25848]
                     </div>
                     <div>
                        <b>Start time: </b>22:17:14
                     </div>
                     <div>
                        <b>End time: </b>22:17:14
                     </div>
                     <div>
                        <b>Duration: </b>46 ms
                        
                     </div>
                  </div>
               </td>
            </tr>
            <tr>
               <td colspan="4" class="detailsBox">
                  <div id="Bank.Bank1_MoneyTransfer_byStatus_failed_FAIL1_exception"
                       class="testMethodDetails">
                     <pre style="padding: 5px; margin: 0;">java.io.FileNotFoundException: D:\Selenium-Project\Abhishek_Project\Jenkins_Git\localgitrep\HDFCBank\ReportOP\TestHtmlReport.html
                        (The system cannot find the path specified)
                        	at java.io.FileOutputStream.open0(Native Method)
                        	at java.io.FileOutputStream.open(FileOutputStream.java:270)
                        	at java.io.FileOutputStream.&lt;init&gt;(FileOutputStream.java:213)
                        	at java.io.FileWriter.&lt;init&gt;(FileWriter.java:107)
                        	at Bank.Report.updateResult(Report.java:28)
                        	at Bank.Bank1.MoneyTransfer(Bank1.java:24)
                        	at sun.reflect.NativeMethodAccessorImpl.invoke0(Native Method)
                        	at sun.reflect.NativeMethodAccessorImpl.invoke(NativeMethodAccessorImpl.java:62)
                        	at sun.reflect.DelegatingMethodAccessorImpl.invoke(DelegatingMethodAccessorImpl.java:43)
                        	at java.lang.reflect.Method.invoke(Method.java:498)
                        	at org.testng.internal.MethodInvocationHelper.invokeMethod(MethodInvocationHelper.java:84)
                        	at org.testng.internal.Invoker.invokeMethod(Invoker.java:714)
                        	at org.testng.internal.Invoker.invokeTestMethod(Invoker.java:901)
                        	at org.testng.internal.Invoker.invokeTestMethods(Invoker.java:1231)
                        	at org.testng.internal.TestMethodWorker.invokeTestMethods(TestMethodWorker.java:127)
                        	at org.testng.internal.TestMethodWorker.run(TestMethodWorker.java:111)
                        	at org.testng.TestRunner.privateRun(TestRunner.java:767)
                        	at org.testng.TestRunner.run(TestRunner.java:617)
                        	at org.testng.SuiteRunner.runTest(SuiteRunner.java:334)
                        	at org.testng.SuiteRunner.runSequentially(SuiteRunner.java:329)
                        	at org.testng.SuiteRunner.privateRun(SuiteRunner.java:291)
                        	at org.testng.SuiteRunner.run(SuiteRunner.java:240)
                        	at org.testng.SuiteRunnerWorker.runSuite(SuiteRunnerWorker.java:52)
                        	at org.testng.SuiteRunnerWorker.run(SuiteRunnerWorker.java:86)
                        	at org.testng.TestNG.runSuitesSequentially(TestNG.java:1224)
                        	at org.testng.TestNG.runSuitesLocally(TestNG.java:1149)
                        	at org.testng.TestNG.run(TestNG.java:1057)
                        	at org.testng.TestNG.privateMain(TestNG.java:1364)
                        	at org.testng.TestNG.main(TestNG.java:1333)
                     </pre>
                  </div>
               </td>
            </tr>
            <tr id="Bank.Bank1_BillPayment_byStatus_failed_FAIL2_row"
                class="testMethodStatusFAIL">
               <td width="100%" class="firstMethodCell">
                  <a onclick="toggleDetailsVisibility('Bank.Bank1_BillPayment_byStatus_failed_FAIL2_details')">BillPayment()</a>
               </td>
               <td nowrap="true">22:17:14</td>
               <td nowrap="true" align="right">3 ms
                  
               </td>
               <td nowrap="true">
                  <a onclick="toggleDetailsVisibility('Bank.Bank1_BillPayment_byStatus_failed_FAIL2_exception')">java.io.FileNotFoundException: 
                     D:\Selenium-Project\Abhishek_Project\Jenkins_Git\localgitrep\HDFCBank\ReportOP\TestHtmlReport.html (The system cannot find
                     the path specified)
                     
                  </a>
                   
                  
               </td>
            </tr>
            <tr>
               <td colspan="4" class="detailsBox">
                  <div id="Bank.Bank1_BillPayment_byStatus_failed_FAIL2_details"
                       class="testMethodDetails">
                     <div>
                        <b>Name: </b>BillPayment
                     </div>
                     <div>
                        <b>Signature: </b>BillPayment()[pri:0, instance:Bank.Bank1@43a25848]
                     </div>
                     <div>
                        <b>Start time: </b>22:17:14
                     </div>
                     <div>
                        <b>End time: </b>22:17:14
                     </div>
                     <div>
                        <b>Duration: </b>3 ms
                        
                     </div>
                  </div>
               </td>
            </tr>
            <tr>
               <td colspan="4" class="detailsBox">
                  <div id="Bank.Bank1_BillPayment_byStatus_failed_FAIL2_exception"
                       class="testMethodDetails">
                     <pre style="padding: 5px; margin: 0;">java.io.FileNotFoundException: D:\Selenium-Project\Abhishek_Project\Jenkins_Git\localgitrep\HDFCBank\ReportOP\TestHtmlReport.html
                        (The system cannot find the path specified)
                        	at java.io.FileOutputStream.open0(Native Method)
                        	at java.io.FileOutputStream.open(FileOutputStream.java:270)
                        	at java.io.FileOutputStream.&lt;init&gt;(FileOutputStream.java:213)
                        	at java.io.FileWriter.&lt;init&gt;(FileWriter.java:107)
                        	at Bank.Report.updateResult(Report.java:28)
                        	at Bank.Bank1.BillPayment(Bank1.java:51)
                        	at sun.reflect.NativeMethodAccessorImpl.invoke0(Native Method)
                        	at sun.reflect.NativeMethodAccessorImpl.invoke(NativeMethodAccessorImpl.java:62)
                        	at sun.reflect.DelegatingMethodAccessorImpl.invoke(DelegatingMethodAccessorImpl.java:43)
                        	at java.lang.reflect.Method.invoke(Method.java:498)
                        	at org.testng.internal.MethodInvocationHelper.invokeMethod(MethodInvocationHelper.java:84)
                        	at org.testng.internal.Invoker.invokeMethod(Invoker.java:714)
                        	at org.testng.internal.Invoker.invokeTestMethod(Invoker.java:901)
                        	at org.testng.internal.Invoker.invokeTestMethods(Invoker.java:1231)
                        	at org.testng.internal.TestMethodWorker.invokeTestMethods(TestMethodWorker.java:127)
                        	at org.testng.internal.TestMethodWorker.run(TestMethodWorker.java:111)
                        	at org.testng.TestRunner.privateRun(TestRunner.java:767)
                        	at org.testng.TestRunner.run(TestRunner.java:617)
                        	at org.testng.SuiteRunner.runTest(SuiteRunner.java:334)
                        	at org.testng.SuiteRunner.runSequentially(SuiteRunner.java:329)
                        	at org.testng.SuiteRunner.privateRun(SuiteRunner.java:291)
                        	at org.testng.SuiteRunner.run(SuiteRunner.java:240)
                        	at org.testng.SuiteRunnerWorker.runSuite(SuiteRunnerWorker.java:52)
                        	at org.testng.SuiteRunnerWorker.run(SuiteRunnerWorker.java:86)
                        	at org.testng.TestNG.runSuitesSequentially(TestNG.java:1224)
                        	at org.testng.TestNG.runSuitesLocally(TestNG.java:1149)
                        	at org.testng.TestNG.run(TestNG.java:1057)
                        	at org.testng.TestNG.privateMain(TestNG.java:1364)
                        	at org.testng.TestNG.main(TestNG.java:1333)
                     </pre>
                  </div>
               </td>
            </tr>
            <tr id="Bank.Bank1_StdGen_byStatus_failed_FAIL3_row" class="testMethodStatusFAIL">
               <td width="100%" class="firstMethodCell">
                  <a onclick="toggleDetailsVisibility('Bank.Bank1_StdGen_byStatus_failed_FAIL3_details')">StdGen()</a>
               </td>
               <td nowrap="true">22:17:14</td>
               <td nowrap="true" align="right">3 ms
                  
               </td>
               <td nowrap="true">
                  <a onclick="toggleDetailsVisibility('Bank.Bank1_StdGen_byStatus_failed_FAIL3_exception')">java.io.FileNotFoundException: 
                     D:\Selenium-Project\Abhishek_Project\Jenkins_Git\localgitrep\HDFCBank\ReportOP\TestHtmlReport.html (The system cannot find
                     the path specified)
                     
                  </a>
                   
                  
               </td>
            </tr>
            <tr>
               <td colspan="4" class="detailsBox">
                  <div id="Bank.Bank1_StdGen_byStatus_failed_FAIL3_details" class="testMethodDetails">
                     <div>
                        <b>Name: </b>StdGen
                     </div>
                     <div>
                        <b>Signature: </b>StdGen()[pri:0, instance:Bank.Bank1@43a25848]
                     </div>
                     <div>
                        <b>Start time: </b>22:17:14
                     </div>
                     <div>
                        <b>End time: </b>22:17:14
                     </div>
                     <div>
                        <b>Duration: </b>3 ms
                        
                     </div>
                  </div>
               </td>
            </tr>
            <tr>
               <td colspan="4" class="detailsBox">
                  <div id="Bank.Bank1_StdGen_byStatus_failed_FAIL3_exception"
                       class="testMethodDetails">
                     <pre style="padding: 5px; margin: 0;">java.io.FileNotFoundException: D:\Selenium-Project\Abhishek_Project\Jenkins_Git\localgitrep\HDFCBank\ReportOP\TestHtmlReport.html
                        (The system cannot find the path specified)
                        	at java.io.FileOutputStream.open0(Native Method)
                        	at java.io.FileOutputStream.open(FileOutputStream.java:270)
                        	at java.io.FileOutputStream.&lt;init&gt;(FileOutputStream.java:213)
                        	at java.io.FileWriter.&lt;init&gt;(FileWriter.java:107)
                        	at Bank.Report.updateResult(Report.java:28)
                        	at Bank.Bank1.StdGen(Bank1.java:38)
                        	at sun.reflect.NativeMethodAccessorImpl.invoke0(Native Method)
                        	at sun.reflect.NativeMethodAccessorImpl.invoke(NativeMethodAccessorImpl.java:62)
                        	at sun.reflect.DelegatingMethodAccessorImpl.invoke(DelegatingMethodAccessorImpl.java:43)
                        	at java.lang.reflect.Method.invoke(Method.java:498)
                        	at org.testng.internal.MethodInvocationHelper.invokeMethod(MethodInvocationHelper.java:84)
                        	at org.testng.internal.Invoker.invokeMethod(Invoker.java:714)
                        	at org.testng.internal.Invoker.invokeTestMethod(Invoker.java:901)
                        	at org.testng.internal.Invoker.invokeTestMethods(Invoker.java:1231)
                        	at org.testng.internal.TestMethodWorker.invokeTestMethods(TestMethodWorker.java:127)
                        	at org.testng.internal.TestMethodWorker.run(TestMethodWorker.java:111)
                        	at org.testng.TestRunner.privateRun(TestRunner.java:767)
                        	at org.testng.TestRunner.run(TestRunner.java:617)
                        	at org.testng.SuiteRunner.runTest(SuiteRunner.java:334)
                        	at org.testng.SuiteRunner.runSequentially(SuiteRunner.java:329)
                        	at org.testng.SuiteRunner.privateRun(SuiteRunner.java:291)
                        	at org.testng.SuiteRunner.run(SuiteRunner.java:240)
                        	at org.testng.SuiteRunnerWorker.runSuite(SuiteRunnerWorker.java:52)
                        	at org.testng.SuiteRunnerWorker.run(SuiteRunnerWorker.java:86)
                        	at org.testng.TestNG.runSuitesSequentially(TestNG.java:1224)
                        	at org.testng.TestNG.runSuitesLocally(TestNG.java:1149)
                        	at org.testng.TestNG.run(TestNG.java:1057)
                        	at org.testng.TestNG.privateMain(TestNG.java:1364)
                        	at org.testng.TestNG.main(TestNG.java:1333)
                     </pre>
                  </div>
               </td>
            </tr>
            <tr id="Bank.Bank2_ApplyHL_byStatus_failed_FAIL4_row" class="testMethodStatusFAIL">
               <td width="100%" class="firstMethodCell">
                  <a onclick="toggleDetailsVisibility('Bank.Bank2_ApplyHL_byStatus_failed_FAIL4_details')">ApplyHL()</a>
               </td>
               <td nowrap="true">22:17:14</td>
               <td nowrap="true" align="right">3 ms
                  
               </td>
               <td nowrap="true">
                  <a onclick="toggleDetailsVisibility('Bank.Bank2_ApplyHL_byStatus_failed_FAIL4_exception')">java.io.FileNotFoundException: 
                     D:\Selenium-Project\Abhishek_Project\Jenkins_Git\localgitrep\HDFCBank\ReportOP\TestHtmlReport.html (The system cannot find
                     the path specified)
                     
                  </a>
                   
                  
               </td>
            </tr>
            <tr>
               <td colspan="4" class="detailsBox">
                  <div id="Bank.Bank2_ApplyHL_byStatus_failed_FAIL4_details" class="testMethodDetails">
                     <div>
                        <b>Name: </b>ApplyHL
                     </div>
                     <div>
                        <b>Signature: </b>ApplyHL()[pri:0, instance:Bank.Bank2@60f82f98]
                     </div>
                     <div>
                        <b>Start time: </b>22:17:14
                     </div>
                     <div>
                        <b>End time: </b>22:17:14
                     </div>
                     <div>
                        <b>Duration: </b>3 ms
                        
                     </div>
                  </div>
               </td>
            </tr>
            <tr>
               <td colspan="4" class="detailsBox">
                  <div id="Bank.Bank2_ApplyHL_byStatus_failed_FAIL4_exception"
                       class="testMethodDetails">
                     <pre style="padding: 5px; margin: 0;">java.io.FileNotFoundException: D:\Selenium-Project\Abhishek_Project\Jenkins_Git\localgitrep\HDFCBank\ReportOP\TestHtmlReport.html
                        (The system cannot find the path specified)
                        	at java.io.FileOutputStream.open0(Native Method)
                        	at java.io.FileOutputStream.open(FileOutputStream.java:270)
                        	at java.io.FileOutputStream.&lt;init&gt;(FileOutputStream.java:213)
                        	at java.io.FileWriter.&lt;init&gt;(FileWriter.java:107)
                        	at Bank.Report.updateResult(Report.java:28)
                        	at Bank.Bank2.ApplyHL(Bank2.java:34)
                        	at sun.reflect.NativeMethodAccessorImpl.invoke0(Native Method)
                        	at sun.reflect.NativeMethodAccessorImpl.invoke(NativeMethodAccessorImpl.java:62)
                        	at sun.reflect.DelegatingMethodAccessorImpl.invoke(DelegatingMethodAccessorImpl.java:43)
                        	at java.lang.reflect.Method.invoke(Method.java:498)
                        	at org.testng.internal.MethodInvocationHelper.invokeMethod(MethodInvocationHelper.java:84)
                        	at org.testng.internal.Invoker.invokeMethod(Invoker.java:714)
                        	at org.testng.internal.Invoker.invokeTestMethod(Invoker.java:901)
                        	at org.testng.internal.Invoker.invokeTestMethods(Invoker.java:1231)
                        	at org.testng.internal.TestMethodWorker.invokeTestMethods(TestMethodWorker.java:127)
                        	at org.testng.internal.TestMethodWorker.run(TestMethodWorker.java:111)
                        	at org.testng.TestRunner.privateRun(TestRunner.java:767)
                        	at org.testng.TestRunner.run(TestRunner.java:617)
                        	at org.testng.SuiteRunner.runTest(SuiteRunner.java:334)
                        	at org.testng.SuiteRunner.runSequentially(SuiteRunner.java:329)
                        	at org.testng.SuiteRunner.privateRun(SuiteRunner.java:291)
                        	at org.testng.SuiteRunner.run(SuiteRunner.java:240)
                        	at org.testng.SuiteRunnerWorker.runSuite(SuiteRunnerWorker.java:52)
                        	at org.testng.SuiteRunnerWorker.run(SuiteRunnerWorker.java:86)
                        	at org.testng.TestNG.runSuitesSequentially(TestNG.java:1224)
                        	at org.testng.TestNG.runSuitesLocally(TestNG.java:1149)
                        	at org.testng.TestNG.run(TestNG.java:1057)
                        	at org.testng.TestNG.privateMain(TestNG.java:1364)
                        	at org.testng.TestNG.main(TestNG.java:1333)
                     </pre>
                  </div>
               </td>
            </tr>
            <tr id="Bank.Bank2_ApplyPL_byStatus_failed_FAIL5_row" class="testMethodStatusFAIL">
               <td width="100%" class="firstMethodCell">
                  <a onclick="toggleDetailsVisibility('Bank.Bank2_ApplyPL_byStatus_failed_FAIL5_details')">ApplyPL()</a>
               </td>
               <td nowrap="true">22:17:14</td>
               <td nowrap="true" align="right">2 ms
                  
               </td>
               <td nowrap="true">
                  <a onclick="toggleDetailsVisibility('Bank.Bank2_ApplyPL_byStatus_failed_FAIL5_exception')">java.io.FileNotFoundException: 
                     D:\Selenium-Project\Abhishek_Project\Jenkins_Git\localgitrep\HDFCBank\ReportOP\TestHtmlReport.html (The system cannot find
                     the path specified)
                     
                  </a>
                   
                  
               </td>
            </tr>
            <tr>
               <td colspan="4" class="detailsBox">
                  <div id="Bank.Bank2_ApplyPL_byStatus_failed_FAIL5_details" class="testMethodDetails">
                     <div>
                        <b>Name: </b>ApplyPL
                     </div>
                     <div>
                        <b>Signature: </b>ApplyPL()[pri:0, instance:Bank.Bank2@60f82f98]
                     </div>
                     <div>
                        <b>Start time: </b>22:17:14
                     </div>
                     <div>
                        <b>End time: </b>22:17:14
                     </div>
                     <div>
                        <b>Duration: </b>2 ms
                        
                     </div>
                  </div>
               </td>
            </tr>
            <tr>
               <td colspan="4" class="detailsBox">
                  <div id="Bank.Bank2_ApplyPL_byStatus_failed_FAIL5_exception"
                       class="testMethodDetails">
                     <pre style="padding: 5px; margin: 0;">java.io.FileNotFoundException: D:\Selenium-Project\Abhishek_Project\Jenkins_Git\localgitrep\HDFCBank\ReportOP\TestHtmlReport.html
                        (The system cannot find the path specified)
                        	at java.io.FileOutputStream.open0(Native Method)
                        	at java.io.FileOutputStream.open(FileOutputStream.java:270)
                        	at java.io.FileOutputStream.&lt;init&gt;(FileOutputStream.java:213)
                        	at java.io.FileWriter.&lt;init&gt;(FileWriter.java:107)
                        	at Bank.Report.updateResult(Report.java:28)
                        	at Bank.Bank2.ApplyPL(Bank2.java:45)
                        	at sun.reflect.NativeMethodAccessorImpl.invoke0(Native Method)
                        	at sun.reflect.NativeMethodAccessorImpl.invoke(NativeMethodAccessorImpl.java:62)
                        	at sun.reflect.DelegatingMethodAccessorImpl.invoke(DelegatingMethodAccessorImpl.java:43)
                        	at java.lang.reflect.Method.invoke(Method.java:498)
                        	at org.testng.internal.MethodInvocationHelper.invokeMethod(MethodInvocationHelper.java:84)
                        	at org.testng.internal.Invoker.invokeMethod(Invoker.java:714)
                        	at org.testng.internal.Invoker.invokeTestMethod(Invoker.java:901)
                        	at org.testng.internal.Invoker.invokeTestMethods(Invoker.java:1231)
                        	at org.testng.internal.TestMethodWorker.invokeTestMethods(TestMethodWorker.java:127)
                        	at org.testng.internal.TestMethodWorker.run(TestMethodWorker.java:111)
                        	at org.testng.TestRunner.privateRun(TestRunner.java:767)
                        	at org.testng.TestRunner.run(TestRunner.java:617)
                        	at org.testng.SuiteRunner.runTest(SuiteRunner.java:334)
                        	at org.testng.SuiteRunner.runSequentially(SuiteRunner.java:329)
                        	at org.testng.SuiteRunner.privateRun(SuiteRunner.java:291)
                        	at org.testng.SuiteRunner.run(SuiteRunner.java:240)
                        	at org.testng.SuiteRunnerWorker.runSuite(SuiteRunnerWorker.java:52)
                        	at org.testng.SuiteRunnerWorker.run(SuiteRunnerWorker.java:86)
                        	at org.testng.TestNG.runSuitesSequentially(TestNG.java:1224)
                        	at org.testng.TestNG.runSuitesLocally(TestNG.java:1149)
                        	at org.testng.TestNG.run(TestNG.java:1057)
                        	at org.testng.TestNG.privateMain(TestNG.java:1364)
                        	at org.testng.TestNG.main(TestNG.java:1333)
                     </pre>
                  </div>
               </td>
            </tr>
            <tr id="Bank.Bank1_connectDB_byStatus_passed_PASS1_row"
                class="testMethodStatusPASS testMethodStatusCONF">
               <td width="100%" class="firstMethodCell">
                  <a onclick="toggleDetailsVisibility('Bank.Bank1_connectDB_byStatus_passed_PASS1_details')">connectDB()</a>
               </td>
               <td nowrap="true">22:17:14</td>
               <td nowrap="true" align="right">0 ms
                  
               </td>
               <td nowrap="true">
                   
                  
               </td>
            </tr>
            <tr>
               <td colspan="4" class="detailsBox">
                  <div id="Bank.Bank1_connectDB_byStatus_passed_PASS1_details"
                       class="testMethodDetails">
                     <div>
                        <b>Name: </b>connectDB
                     </div>
                     <div>
                        <b>Signature: </b>connectDB()[pri:0, instance:Bank.Bank1@43a25848]
                     </div>
                     <div>
                        <b>Start time: </b>22:17:14
                     </div>
                     <div>
                        <b>End time: </b>22:17:14
                     </div>
                     <div>
                        <b>Duration: </b>0 ms
                        
                     </div>
                  </div>
               </td>
            </tr>
            <tr></tr>
            <tr id="Bank.Bank1_openBrowser_byStatus_passed_PASS2_row"
                class="testMethodStatusPASS testMethodStatusCONF">
               <td width="100%" class="firstMethodCell">
                  <a onclick="toggleDetailsVisibility('Bank.Bank1_openBrowser_byStatus_passed_PASS2_details')">openBrowser()</a>
               </td>
               <td nowrap="true">22:17:14</td>
               <td nowrap="true" align="right">1 ms
                  
               </td>
               <td nowrap="true">
                   
                  
               </td>
            </tr>
            <tr>
               <td colspan="4" class="detailsBox">
                  <div id="Bank.Bank1_openBrowser_byStatus_passed_PASS2_details"
                       class="testMethodDetails">
                     <div>
                        <b>Name: </b>openBrowser
                     </div>
                     <div>
                        <b>Signature: </b>openBrowser()[pri:0, instance:Bank.Bank1@43a25848]
                     </div>
                     <div>
                        <b>Start time: </b>22:17:14
                     </div>
                     <div>
                        <b>End time: </b>22:17:14
                     </div>
                     <div>
                        <b>Duration: </b>1 ms
                        
                     </div>
                  </div>
               </td>
            </tr>
            <tr></tr>
            <tr id="Bank.Bank1_Login_byStatus_passed_PASS3_row"
                class="testMethodStatusPASS testMethodStatusCONF">
               <td width="100%" class="firstMethodCell">
                  <a onclick="toggleDetailsVisibility('Bank.Bank1_Login_byStatus_passed_PASS3_details')">Login()</a>
               </td>
               <td nowrap="true">22:17:14</td>
               <td nowrap="true" align="right">0 ms
                  
               </td>
               <td nowrap="true">
                   
                  
               </td>
            </tr>
            <tr>
               <td colspan="4" class="detailsBox">
                  <div id="Bank.Bank1_Login_byStatus_passed_PASS3_details" class="testMethodDetails">
                     <div>
                        <b>Name: </b>Login
                     </div>
                     <div>
                        <b>Signature: </b>Login()[pri:0, instance:Bank.Bank1@43a25848]
                     </div>
                     <div>
                        <b>Start time: </b>22:17:14
                     </div>
                     <div>
                        <b>End time: </b>22:17:14
                     </div>
                     <div>
                        <b>Duration: </b>0 ms
                        
                     </div>
                  </div>
               </td>
            </tr>
            <tr></tr>
            <tr id="Bank.Bank1_Logout_byStatus_passed_PASS4_row"
                class="testMethodStatusPASS testMethodStatusCONF">
               <td width="100%" class="firstMethodCell">
                  <a onclick="toggleDetailsVisibility('Bank.Bank1_Logout_byStatus_passed_PASS4_details')">Logout()</a>
               </td>
               <td nowrap="true">22:17:14</td>
               <td nowrap="true" align="right">1 ms
                  
               </td>
               <td nowrap="true">
                   
                  
               </td>
            </tr>
            <tr>
               <td colspan="4" class="detailsBox">
                  <div id="Bank.Bank1_Logout_byStatus_passed_PASS4_details" class="testMethodDetails">
                     <div>
                        <b>Name: </b>Logout
                     </div>
                     <div>
                        <b>Signature: </b>Logout()[pri:0, instance:Bank.Bank1@43a25848]
                     </div>
                     <div>
                        <b>Start time: </b>22:17:14
                     </div>
                     <div>
                        <b>End time: </b>22:17:14
                     </div>
                     <div>
                        <b>Duration: </b>1 ms
                        
                     </div>
                  </div>
               </td>
            </tr>
            <tr></tr>
            <tr id="Bank.Bank1_Login_byStatus_passed_PASS5_row"
                class="testMethodStatusPASS testMethodStatusCONF">
               <td width="100%" class="firstMethodCell">
                  <a onclick="toggleDetailsVisibility('Bank.Bank1_Login_byStatus_passed_PASS5_details')">Login()</a>
               </td>
               <td nowrap="true">22:17:14</td>
               <td nowrap="true" align="right">0 ms
                  
               </td>
               <td nowrap="true">
                   
                  
               </td>
            </tr>
            <tr>
               <td colspan="4" class="detailsBox">
                  <div id="Bank.Bank1_Login_byStatus_passed_PASS5_details" class="testMethodDetails">
                     <div>
                        <b>Name: </b>Login
                     </div>
                     <div>
                        <b>Signature: </b>Login()[pri:0, instance:Bank.Bank1@43a25848]
                     </div>
                     <div>
                        <b>Start time: </b>22:17:14
                     </div>
                     <div>
                        <b>End time: </b>22:17:14
                     </div>
                     <div>
                        <b>Duration: </b>0 ms
                        
                     </div>
                  </div>
               </td>
            </tr>
            <tr></tr>
            <tr id="Bank.Bank1_Logout_byStatus_passed_PASS6_row"
                class="testMethodStatusPASS testMethodStatusCONF">
               <td width="100%" class="firstMethodCell">
                  <a onclick="toggleDetailsVisibility('Bank.Bank1_Logout_byStatus_passed_PASS6_details')">Logout()</a>
               </td>
               <td nowrap="true">22:17:14</td>
               <td nowrap="true" align="right">1 ms
                  
               </td>
               <td nowrap="true">
                   
                  
               </td>
            </tr>
            <tr>
               <td colspan="4" class="detailsBox">
                  <div id="Bank.Bank1_Logout_byStatus_passed_PASS6_details" class="testMethodDetails">
                     <div>
                        <b>Name: </b>Logout
                     </div>
                     <div>
                        <b>Signature: </b>Logout()[pri:0, instance:Bank.Bank1@43a25848]
                     </div>
                     <div>
                        <b>Start time: </b>22:17:14
                     </div>
                     <div>
                        <b>End time: </b>22:17:14
                     </div>
                     <div>
                        <b>Duration: </b>1 ms
                        
                     </div>
                  </div>
               </td>
            </tr>
            <tr></tr>
            <tr id="Bank.Bank1_Login_byStatus_passed_PASS7_row"
                class="testMethodStatusPASS testMethodStatusCONF">
               <td width="100%" class="firstMethodCell">
                  <a onclick="toggleDetailsVisibility('Bank.Bank1_Login_byStatus_passed_PASS7_details')">Login()</a>
               </td>
               <td nowrap="true">22:17:14</td>
               <td nowrap="true" align="right">0 ms
                  
               </td>
               <td nowrap="true">
                   
                  
               </td>
            </tr>
            <tr>
               <td colspan="4" class="detailsBox">
                  <div id="Bank.Bank1_Login_byStatus_passed_PASS7_details" class="testMethodDetails">
                     <div>
                        <b>Name: </b>Login
                     </div>
                     <div>
                        <b>Signature: </b>Login()[pri:0, instance:Bank.Bank1@43a25848]
                     </div>
                     <div>
                        <b>Start time: </b>22:17:14
                     </div>
                     <div>
                        <b>End time: </b>22:17:14
                     </div>
                     <div>
                        <b>Duration: </b>0 ms
                        
                     </div>
                  </div>
               </td>
            </tr>
            <tr></tr>
            <tr id="Bank.Bank1_Logout_byStatus_passed_PASS8_row"
                class="testMethodStatusPASS testMethodStatusCONF">
               <td width="100%" class="firstMethodCell">
                  <a onclick="toggleDetailsVisibility('Bank.Bank1_Logout_byStatus_passed_PASS8_details')">Logout()</a>
               </td>
               <td nowrap="true">22:17:14</td>
               <td nowrap="true" align="right">2 ms
                  
               </td>
               <td nowrap="true">
                   
                  
               </td>
            </tr>
            <tr>
               <td colspan="4" class="detailsBox">
                  <div id="Bank.Bank1_Logout_byStatus_passed_PASS8_details" class="testMethodDetails">
                     <div>
                        <b>Name: </b>Logout
                     </div>
                     <div>
                        <b>Signature: </b>Logout()[pri:0, instance:Bank.Bank1@43a25848]
                     </div>
                     <div>
                        <b>Start time: </b>22:17:14
                     </div>
                     <div>
                        <b>End time: </b>22:17:14
                     </div>
                     <div>
                        <b>Duration: </b>2 ms
                        
                     </div>
                  </div>
               </td>
            </tr>
            <tr></tr>
            <tr id="Bank.Bank1_CloseBrowser_byStatus_passed_PASS9_row"
                class="testMethodStatusPASS testMethodStatusCONF">
               <td width="100%" class="firstMethodCell">
                  <a onclick="toggleDetailsVisibility('Bank.Bank1_CloseBrowser_byStatus_passed_PASS9_details')">CloseBrowser()</a>
               </td>
               <td nowrap="true">22:17:14</td>
               <td nowrap="true" align="right">0 ms
                  
               </td>
               <td nowrap="true">
                   
                  
               </td>
            </tr>
            <tr>
               <td colspan="4" class="detailsBox">
                  <div id="Bank.Bank1_CloseBrowser_byStatus_passed_PASS9_details"
                       class="testMethodDetails">
                     <div>
                        <b>Name: </b>CloseBrowser
                     </div>
                     <div>
                        <b>Signature: </b>CloseBrowser()[pri:0, instance:Bank.Bank1@43a25848]
                     </div>
                     <div>
                        <b>Start time: </b>22:17:14
                     </div>
                     <div>
                        <b>End time: </b>22:17:14
                     </div>
                     <div>
                        <b>Duration: </b>0 ms
                        
                     </div>
                  </div>
               </td>
            </tr>
            <tr></tr>
            <tr id="Bank.Bank1_DisconnectDB_byStatus_passed_PASS10_row"
                class="testMethodStatusPASS testMethodStatusCONF">
               <td width="100%" class="firstMethodCell">
                  <a onclick="toggleDetailsVisibility('Bank.Bank1_DisconnectDB_byStatus_passed_PASS10_details')">DisconnectDB()</a>
               </td>
               <td nowrap="true">22:17:14</td>
               <td nowrap="true" align="right">0 ms
                  
               </td>
               <td nowrap="true">
                   
                  
               </td>
            </tr>
            <tr>
               <td colspan="4" class="detailsBox">
                  <div id="Bank.Bank1_DisconnectDB_byStatus_passed_PASS10_details"
                       class="testMethodDetails">
                     <div>
                        <b>Name: </b>DisconnectDB
                     </div>
                     <div>
                        <b>Signature: </b>DisconnectDB()[pri:0, instance:Bank.Bank1@43a25848]
                     </div>
                     <div>
                        <b>Start time: </b>22:17:14
                     </div>
                     <div>
                        <b>End time: </b>22:17:14
                     </div>
                     <div>
                        <b>Duration: </b>0 ms
                        
                     </div>
                  </div>
               </td>
            </tr>
            <tr></tr>
            <tr id="Bank.Bank4_PayTax_byStatus_passed_PASS11_row" class="testMethodStatusPASS">
               <td width="100%" class="firstMethodCell">
                  <a onclick="toggleDetailsVisibility('Bank.Bank4_PayTax_byStatus_passed_PASS11_details')">PayTax()</a>
               </td>
               <td nowrap="true">22:17:14</td>
               <td nowrap="true" align="right">5 ms
                  
               </td>
               <td nowrap="true">
                   
                  
               </td>
            </tr>
            <tr>
               <td colspan="4" class="detailsBox">
                  <div id="Bank.Bank4_PayTax_byStatus_passed_PASS11_details" class="testMethodDetails">
                     <div>
                        <b>Name: </b>PayTax
                     </div>
                     <div>
                        <b>Signature: </b>PayTax()[pri:0, instance:Bank.Bank4@e580929]
                     </div>
                     <div>
                        <b>Start time: </b>22:17:14
                     </div>
                     <div>
                        <b>End time: </b>22:17:14
                     </div>
                     <div>
                        <b>Duration: </b>5 ms
                        
                     </div>
                  </div>
               </td>
            </tr>
            <tr></tr>
            <tr id="Bank.Bank4_ITReturn_byStatus_passed_PASS12_row"
                class="testMethodStatusPASS">
               <td width="100%" class="firstMethodCell">
                  <a onclick="toggleDetailsVisibility('Bank.Bank4_ITReturn_byStatus_passed_PASS12_details')">ITReturn()</a>
               </td>
               <td nowrap="true">22:17:14</td>
               <td nowrap="true" align="right">0 ms
                  
               </td>
               <td nowrap="true">
                   
                  
               </td>
            </tr>
            <tr>
               <td colspan="4" class="detailsBox">
                  <div id="Bank.Bank4_ITReturn_byStatus_passed_PASS12_details"
                       class="testMethodDetails">
                     <div>
                        <b>Name: </b>ITReturn
                     </div>
                     <div>
                        <b>Signature: </b>ITReturn()[pri:0, instance:Bank.Bank4@e580929]
                     </div>
                     <div>
                        <b>Start time: </b>22:17:14
                     </div>
                     <div>
                        <b>End time: </b>22:17:14
                     </div>
                     <div>
                        <b>Duration: </b>0 ms
                        
                     </div>
                  </div>
               </td>
            </tr>
            <tr></tr>
            <tr id="Bank.Bank1_OpenSel_byStatus_passed_PASS13_row"
                class="testMethodStatusPASS testMethodStatusCONF">
               <td width="100%" class="firstMethodCell">
                  <a onclick="toggleDetailsVisibility('Bank.Bank1_OpenSel_byStatus_passed_PASS13_details')">OpenSel()</a>
               </td>
               <td nowrap="true">22:17:14</td>
               <td nowrap="true" align="right">17 ms
                  
               </td>
               <td nowrap="true">
                   
                  
               </td>
            </tr>
            <tr>
               <td colspan="4" class="detailsBox">
                  <div id="Bank.Bank1_OpenSel_byStatus_passed_PASS13_details"
                       class="testMethodDetails">
                     <div>
                        <b>Name: </b>OpenSel
                     </div>
                     <div>
                        <b>Signature: </b>OpenSel()[pri:0, instance:Bank.Bank1@43a25848]
                     </div>
                     <div>
                        <b>Start time: </b>22:17:14
                     </div>
                     <div>
                        <b>End time: </b>22:17:14
                     </div>
                     <div>
                        <b>Duration: </b>17 ms
                        
                     </div>
                  </div>
               </td>
            </tr>
            <tr></tr>
            <tr id="Bank.Bank1_OpenSel_byStatus_passed_PASS14_row"
                class="testMethodStatusPASS testMethodStatusCONF">
               <td width="100%" class="firstMethodCell">
                  <a onclick="toggleDetailsVisibility('Bank.Bank1_OpenSel_byStatus_passed_PASS14_details')">OpenSel()</a>
               </td>
               <td nowrap="true">22:17:14</td>
               <td nowrap="true" align="right">0 ms
                  
               </td>
               <td nowrap="true">
                   
                  
               </td>
            </tr>
            <tr>
               <td colspan="4" class="detailsBox">
                  <div id="Bank.Bank1_OpenSel_byStatus_passed_PASS14_details"
                       class="testMethodDetails">
                     <div>
                        <b>Name: </b>OpenSel
                     </div>
                     <div>
                        <b>Signature: </b>OpenSel()[pri:0, instance:Bank.Bank2@60f82f98]
                     </div>
                     <div>
                        <b>Start time: </b>22:17:14
                     </div>
                     <div>
                        <b>End time: </b>22:17:14
                     </div>
                     <div>
                        <b>Duration: </b>0 ms
                        
                     </div>
                  </div>
               </td>
            </tr>
            <tr></tr>
            <tr id="Bank.Bank1_CloseSel_byStatus_passed_PASS15_row"
                class="testMethodStatusPASS testMethodStatusCONF">
               <td width="100%" class="firstMethodCell">
                  <a onclick="toggleDetailsVisibility('Bank.Bank1_CloseSel_byStatus_passed_PASS15_details')">CloseSel()</a>
               </td>
               <td nowrap="true">22:17:14</td>
               <td nowrap="true" align="right">1 ms
                  
               </td>
               <td nowrap="true">
                   
                  
               </td>
            </tr>
            <tr>
               <td colspan="4" class="detailsBox">
                  <div id="Bank.Bank1_CloseSel_byStatus_passed_PASS15_details"
                       class="testMethodDetails">
                     <div>
                        <b>Name: </b>CloseSel
                     </div>
                     <div>
                        <b>Signature: </b>CloseSel()[pri:0, instance:Bank.Bank1@43a25848]
                     </div>
                     <div>
                        <b>Start time: </b>22:17:14
                     </div>
                     <div>
                        <b>End time: </b>22:17:14
                     </div>
                     <div>
                        <b>Duration: </b>1 ms
                        
                     </div>
                  </div>
               </td>
            </tr>
            <tr></tr>
            <tr id="Bank.Bank1_CloseSel_byStatus_passed_PASS16_row"
                class="testMethodStatusPASS testMethodStatusCONF">
               <td width="100%" class="firstMethodCell">
                  <a onclick="toggleDetailsVisibility('Bank.Bank1_CloseSel_byStatus_passed_PASS16_details')">CloseSel()</a>
               </td>
               <td nowrap="true">22:17:14</td>
               <td nowrap="true" align="right">0 ms
                  
               </td>
               <td nowrap="true">
                   
                  
               </td>
            </tr>
            <tr>
               <td colspan="4" class="detailsBox">
                  <div id="Bank.Bank1_CloseSel_byStatus_passed_PASS16_details"
                       class="testMethodDetails">
                     <div>
                        <b>Name: </b>CloseSel
                     </div>
                     <div>
                        <b>Signature: </b>CloseSel()[pri:0, instance:Bank.Bank2@60f82f98]
                     </div>
                     <div>
                        <b>Start time: </b>22:17:14
                     </div>
                     <div>
                        <b>End time: </b>22:17:14
                     </div>
                     <div>
                        <b>Duration: </b>0 ms
                        
                     </div>
                  </div>
               </td>
            </tr>
            <tr></tr>
            <tr id="Bank.Bank2_xyz_byStatus_passed_PASS17_row"
                class="testMethodStatusPASS testMethodStatusCONF">
               <td width="100%" class="firstMethodCell">
                  <a onclick="toggleDetailsVisibility('Bank.Bank2_xyz_byStatus_passed_PASS17_details')">xyz()</a>
               </td>
               <td nowrap="true">22:17:14</td>
               <td nowrap="true" align="right">0 ms
                  
               </td>
               <td nowrap="true">
                   
                  
               </td>
            </tr>
            <tr>
               <td colspan="4" class="detailsBox">
                  <div id="Bank.Bank2_xyz_byStatus_passed_PASS17_details" class="testMethodDetails">
                     <div>
                        <b>Name: </b>xyz
                     </div>
                     <div>
                        <b>Signature: </b>xyz()[pri:0, instance:Bank.Bank2@60f82f98]
                     </div>
                     <div>
                        <b>Start time: </b>22:17:14
                     </div>
                     <div>
                        <b>End time: </b>22:17:14
                     </div>
                     <div>
                        <b>Duration: </b>0 ms
                        
                     </div>
                  </div>
               </td>
            </tr>
            <tr></tr>
            <tr id="Bank.Bank2_xyz_byStatus_passed_PASS18_row"
                class="testMethodStatusPASS testMethodStatusCONF">
               <td width="100%" class="firstMethodCell">
                  <a onclick="toggleDetailsVisibility('Bank.Bank2_xyz_byStatus_passed_PASS18_details')">xyz()</a>
               </td>
               <td nowrap="true">22:17:14</td>
               <td nowrap="true" align="right">2 ms
                  
               </td>
               <td nowrap="true">
                   
                  
               </td>
            </tr>
            <tr>
               <td colspan="4" class="detailsBox">
                  <div id="Bank.Bank2_xyz_byStatus_passed_PASS18_details" class="testMethodDetails">
                     <div>
                        <b>Name: </b>xyz
                     </div>
                     <div>
                        <b>Signature: </b>xyz()[pri:0, instance:Bank.Bank2@60f82f98]
                     </div>
                     <div>
                        <b>Start time: </b>22:17:14
                     </div>
                     <div>
                        <b>End time: </b>22:17:14
                     </div>
                     <div>
                        <b>Duration: </b>2 ms
                        
                     </div>
                  </div>
               </td>
            </tr>
            <tr></tr>
            <tr id="Bank.Bank3_login_byStatus_passed_PASS19_row" class="testMethodStatusPASS">
               <td width="100%" class="firstMethodCell">
                  <a onclick="toggleDetailsVisibility('Bank.Bank3_login_byStatus_passed_PASS19_details')">login(u1
                     
                     ,
                     
                     p1)
                  </a>
               </td>
               <td nowrap="true">22:17:14</td>
               <td nowrap="true" align="right">2 ms
                  
               </td>
               <td nowrap="true">
                   
                  
               </td>
            </tr>
            <tr>
               <td colspan="4" class="detailsBox">
                  <div id="Bank.Bank3_login_byStatus_passed_PASS19_details" class="testMethodDetails">
                     <div>
                        <b>Name: </b>login
                     </div>
                     <div>
                        <b>Signature: </b>login(java.lang.String, java.lang.String)[pri:0, instance:Bank.Bank3@6442b0a6]
                     </div>
                     <div>
                        <b>Parameters: </b>
                        
                        u1
                        
                        ,
                        
                        p1
                        
                        
                     </div>
                     <div>
                        <b>Start time: </b>22:17:14
                     </div>
                     <div>
                        <b>End time: </b>22:17:14
                     </div>
                     <div>
                        <b>Duration: </b>2 ms
                        
                     </div>
                  </div>
               </td>
            </tr>
            <tr></tr>
            <tr id="Bank.Bank3_product_byStatus_passed_PASS20_row" class="testMethodStatusPASS">
               <td width="100%" class="firstMethodCell">
                  <a onclick="toggleDetailsVisibility('Bank.Bank3_product_byStatus_passed_PASS20_details')">product(data11
                     
                     ,
                     
                     data12
                     
                     ,
                     
                     data13)
                  </a>
               </td>
               <td nowrap="true">22:17:14</td>
               <td nowrap="true" align="right">0 ms
                  
               </td>
               <td nowrap="true">
                   
                  
               </td>
            </tr>
            <tr>
               <td colspan="4" class="detailsBox">
                  <div id="Bank.Bank3_product_byStatus_passed_PASS20_details"
                       class="testMethodDetails">
                     <div>
                        <b>Name: </b>product
                     </div>
                     <div>
                        <b>Signature: </b>product(java.lang.String, java.lang.String, java.lang.String)[pri:0, instance:Bank.Bank3@6442b0a6]
                     </div>
                     <div>
                        <b>Parameters: </b>
                        
                        data11
                        
                        ,
                        
                        data12
                        
                        ,
                        
                        data13
                        
                        
                     </div>
                     <div>
                        <b>Start time: </b>22:17:14
                     </div>
                     <div>
                        <b>End time: </b>22:17:14
                     </div>
                     <div>
                        <b>Duration: </b>0 ms
                        
                     </div>
                  </div>
               </td>
            </tr>
            <tr></tr>
            <tr id="Bank.Bank3_login_byStatus_passed_PASS21_row" class="testMethodStatusPASS">
               <td width="100%" class="firstMethodCell">
                  <a onclick="toggleDetailsVisibility('Bank.Bank3_login_byStatus_passed_PASS21_details')">login(u2
                     
                     ,
                     
                     p2)
                  </a>
               </td>
               <td nowrap="true">22:17:14</td>
               <td nowrap="true" align="right">0 ms
                  
               </td>
               <td nowrap="true">
                   
                  
               </td>
            </tr>
            <tr>
               <td colspan="4" class="detailsBox">
                  <div id="Bank.Bank3_login_byStatus_passed_PASS21_details" class="testMethodDetails">
                     <div>
                        <b>Name: </b>login
                     </div>
                     <div>
                        <b>Signature: </b>login(java.lang.String, java.lang.String)[pri:0, instance:Bank.Bank3@6442b0a6]
                     </div>
                     <div>
                        <b>Parameters: </b>
                        
                        u2
                        
                        ,
                        
                        p2
                        
                        
                     </div>
                     <div>
                        <b>Start time: </b>22:17:14
                     </div>
                     <div>
                        <b>End time: </b>22:17:14
                     </div>
                     <div>
                        <b>Duration: </b>0 ms
                        
                     </div>
                  </div>
               </td>
            </tr>
            <tr></tr>
            <tr id="Bank.Bank3_product_byStatus_passed_PASS22_row" class="testMethodStatusPASS">
               <td width="100%" class="firstMethodCell">
                  <a onclick="toggleDetailsVisibility('Bank.Bank3_product_byStatus_passed_PASS22_details')">product(data21
                     
                     ,
                     
                     data22
                     
                     ,
                     
                     data23)
                  </a>
               </td>
               <td nowrap="true">22:17:14</td>
               <td nowrap="true" align="right">1 ms
                  
               </td>
               <td nowrap="true">
                   
                  
               </td>
            </tr>
            <tr>
               <td colspan="4" class="detailsBox">
                  <div id="Bank.Bank3_product_byStatus_passed_PASS22_details"
                       class="testMethodDetails">
                     <div>
                        <b>Name: </b>product
                     </div>
                     <div>
                        <b>Signature: </b>product(java.lang.String, java.lang.String, java.lang.String)[pri:0, instance:Bank.Bank3@6442b0a6]
                     </div>
                     <div>
                        <b>Parameters: </b>
                        
                        data21
                        
                        ,
                        
                        data22
                        
                        ,
                        
                        data23
                        
                        
                     </div>
                     <div>
                        <b>Start time: </b>22:17:14
                     </div>
                     <div>
                        <b>End time: </b>22:17:14
                     </div>
                     <div>
                        <b>Duration: </b>1 ms
                        
                     </div>
                  </div>
               </td>
            </tr>
            <tr></tr>
            <tr id="Bank.Bank1_ApplyCC_byStatus_skiped_SKIP1_row" class="testMethodStatusSKIP">
               <td width="100%" class="firstMethodCell">
                  <a onclick="toggleDetailsVisibility('Bank.Bank1_ApplyCC_byStatus_skiped_SKIP1_details')">ApplyCC()</a>
               </td>
               <td nowrap="true">22:17:14</td>
               <td nowrap="true" align="right">3 ms
                  
               </td>
               <td nowrap="true">
                   
                  
               </td>
            </tr>
            <tr>
               <td colspan="4" class="detailsBox">
                  <div id="Bank.Bank1_ApplyCC_byStatus_skiped_SKIP1_details" class="testMethodDetails">
                     <div>
                        <b>Name: </b>ApplyCC
                     </div>
                     <div>
                        <b>Signature: </b>ApplyCC()[pri:0, instance:Bank.Bank1@43a25848]
                     </div>
                     <div>
                        <b>Start time: </b>22:17:14
                     </div>
                     <div>
                        <b>End time: </b>22:17:14
                     </div>
                     <div>
                        <b>Duration: </b>3 ms
                        
                     </div>
                     <div>
                        <b>Depends on methods:
                           
                        </b>
                        <div>
                               -
                           Bank.Bank1.BillPayment
                        </div>
                     </div>
                  </div>
               </td>
            </tr>
            <tr></tr>
         </table>
      </div>
      <div id="testMethodsByClass" style="display: none;">
         <table class="testMethodsTable" cellpadding="0" cellspacing="0">
            <tr>
               <td colspan="4">
                  <h3 style="display: inline;">Bank.Bank1</h3>
               </td>
            </tr>
            <tr class="methodsTableHeader">
               <td width="100%">Name</td>
               <td nowrap="true">Started</td>
               <td nowrap="true">Duration</td>
               <td>Exception</td>
            </tr>
            <tr id="Bank.Bank1_connectDB_byClass_PASS1_row"
                class="testMethodStatusPASS testMethodStatusCONF">
               <td width="100%" class="firstMethodCell">
                  <a onclick="toggleDetailsVisibility('Bank.Bank1_connectDB_byClass_PASS1_details')">connectDB()</a>
               </td>
               <td nowrap="true">22:17:14</td>
               <td nowrap="true" align="right">0 ms
                  
               </td>
               <td nowrap="true">
                   
                  
               </td>
            </tr>
            <tr>
               <td colspan="4" class="detailsBox">
                  <div id="Bank.Bank1_connectDB_byClass_PASS1_details" class="testMethodDetails">
                     <div>
                        <b>Name: </b>connectDB
                     </div>
                     <div>
                        <b>Signature: </b>connectDB()[pri:0, instance:Bank.Bank1@43a25848]
                     </div>
                     <div>
                        <b>Start time: </b>22:17:14
                     </div>
                     <div>
                        <b>End time: </b>22:17:14
                     </div>
                     <div>
                        <b>Duration: </b>0 ms
                        
                     </div>
                  </div>
               </td>
            </tr>
            <tr></tr>
            <tr id="Bank.Bank1_openBrowser_byClass_PASS2_row"
                class="testMethodStatusPASS testMethodStatusCONF">
               <td width="100%" class="firstMethodCell">
                  <a onclick="toggleDetailsVisibility('Bank.Bank1_openBrowser_byClass_PASS2_details')">openBrowser()</a>
               </td>
               <td nowrap="true">22:17:14</td>
               <td nowrap="true" align="right">1 ms
                  
               </td>
               <td nowrap="true">
                   
                  
               </td>
            </tr>
            <tr>
               <td colspan="4" class="detailsBox">
                  <div id="Bank.Bank1_openBrowser_byClass_PASS2_details" class="testMethodDetails">
                     <div>
                        <b>Name: </b>openBrowser
                     </div>
                     <div>
                        <b>Signature: </b>openBrowser()[pri:0, instance:Bank.Bank1@43a25848]
                     </div>
                     <div>
                        <b>Start time: </b>22:17:14
                     </div>
                     <div>
                        <b>End time: </b>22:17:14
                     </div>
                     <div>
                        <b>Duration: </b>1 ms
                        
                     </div>
                  </div>
               </td>
            </tr>
            <tr></tr>
            <tr id="Bank.Bank1_Login_byClass_PASS3_row"
                class="testMethodStatusPASS testMethodStatusCONF">
               <td width="100%" class="firstMethodCell">
                  <a onclick="toggleDetailsVisibility('Bank.Bank1_Login_byClass_PASS3_details')">Login()</a>
               </td>
               <td nowrap="true">22:17:14</td>
               <td nowrap="true" align="right">0 ms
                  
               </td>
               <td nowrap="true">
                   
                  
               </td>
            </tr>
            <tr>
               <td colspan="4" class="detailsBox">
                  <div id="Bank.Bank1_Login_byClass_PASS3_details" class="testMethodDetails">
                     <div>
                        <b>Name: </b>Login
                     </div>
                     <div>
                        <b>Signature: </b>Login()[pri:0, instance:Bank.Bank1@43a25848]
                     </div>
                     <div>
                        <b>Start time: </b>22:17:14
                     </div>
                     <div>
                        <b>End time: </b>22:17:14
                     </div>
                     <div>
                        <b>Duration: </b>0 ms
                        
                     </div>
                  </div>
               </td>
            </tr>
            <tr></tr>
            <tr id="Bank.Bank1_MoneyTransfer_byClass_FAIL4_row" class="testMethodStatusFAIL">
               <td width="100%" class="firstMethodCell">
                  <a onclick="toggleDetailsVisibility('Bank.Bank1_MoneyTransfer_byClass_FAIL4_details')">MoneyTransfer()</a>
               </td>
               <td nowrap="true">22:17:14</td>
               <td nowrap="true" align="right">46 ms
                  
               </td>
               <td nowrap="true">
                  <a onclick="toggleDetailsVisibility('Bank.Bank1_MoneyTransfer_byClass_FAIL4_exception')">java.io.FileNotFoundException: 
                     D:\Selenium-Project\Abhishek_Project\Jenkins_Git\localgitrep\HDFCBank\ReportOP\TestHtmlReport.html (The system cannot find
                     the path specified)
                     
                  </a>
                   
                  
               </td>
            </tr>
            <tr>
               <td colspan="4" class="detailsBox">
                  <div id="Bank.Bank1_MoneyTransfer_byClass_FAIL4_details" class="testMethodDetails">
                     <div>
                        <b>Name: </b>MoneyTransfer
                     </div>
                     <div>
                        <b>Signature: </b>MoneyTransfer()[pri:0, instance:Bank.Bank1@43a25848]
                     </div>
                     <div>
                        <b>Start time: </b>22:17:14
                     </div>
                     <div>
                        <b>End time: </b>22:17:14
                     </div>
                     <div>
                        <b>Duration: </b>46 ms
                        
                     </div>
                  </div>
               </td>
            </tr>
            <tr>
               <td colspan="4" class="detailsBox">
                  <div id="Bank.Bank1_MoneyTransfer_byClass_FAIL4_exception" class="testMethodDetails">
                     <pre style="padding: 5px; margin: 0;">java.io.FileNotFoundException: D:\Selenium-Project\Abhishek_Project\Jenkins_Git\localgitrep\HDFCBank\ReportOP\TestHtmlReport.html
                        (The system cannot find the path specified)
                        	at java.io.FileOutputStream.open0(Native Method)
                        	at java.io.FileOutputStream.open(FileOutputStream.java:270)
                        	at java.io.FileOutputStream.&lt;init&gt;(FileOutputStream.java:213)
                        	at java.io.FileWriter.&lt;init&gt;(FileWriter.java:107)
                        	at Bank.Report.updateResult(Report.java:28)
                        	at Bank.Bank1.MoneyTransfer(Bank1.java:24)
                        	at sun.reflect.NativeMethodAccessorImpl.invoke0(Native Method)
                        	at sun.reflect.NativeMethodAccessorImpl.invoke(NativeMethodAccessorImpl.java:62)
                        	at sun.reflect.DelegatingMethodAccessorImpl.invoke(DelegatingMethodAccessorImpl.java:43)
                        	at java.lang.reflect.Method.invoke(Method.java:498)
                        	at org.testng.internal.MethodInvocationHelper.invokeMethod(MethodInvocationHelper.java:84)
                        	at org.testng.internal.Invoker.invokeMethod(Invoker.java:714)
                        	at org.testng.internal.Invoker.invokeTestMethod(Invoker.java:901)
                        	at org.testng.internal.Invoker.invokeTestMethods(Invoker.java:1231)
                        	at org.testng.internal.TestMethodWorker.invokeTestMethods(TestMethodWorker.java:127)
                        	at org.testng.internal.TestMethodWorker.run(TestMethodWorker.java:111)
                        	at org.testng.TestRunner.privateRun(TestRunner.java:767)
                        	at org.testng.TestRunner.run(TestRunner.java:617)
                        	at org.testng.SuiteRunner.runTest(SuiteRunner.java:334)
                        	at org.testng.SuiteRunner.runSequentially(SuiteRunner.java:329)
                        	at org.testng.SuiteRunner.privateRun(SuiteRunner.java:291)
                        	at org.testng.SuiteRunner.run(SuiteRunner.java:240)
                        	at org.testng.SuiteRunnerWorker.runSuite(SuiteRunnerWorker.java:52)
                        	at org.testng.SuiteRunnerWorker.run(SuiteRunnerWorker.java:86)
                        	at org.testng.TestNG.runSuitesSequentially(TestNG.java:1224)
                        	at org.testng.TestNG.runSuitesLocally(TestNG.java:1149)
                        	at org.testng.TestNG.run(TestNG.java:1057)
                        	at org.testng.TestNG.privateMain(TestNG.java:1364)
                        	at org.testng.TestNG.main(TestNG.java:1333)
                     </pre>
                  </div>
               </td>
            </tr>
            <tr id="Bank.Bank1_Logout_byClass_PASS5_row"
                class="testMethodStatusPASS testMethodStatusCONF">
               <td width="100%" class="firstMethodCell">
                  <a onclick="toggleDetailsVisibility('Bank.Bank1_Logout_byClass_PASS5_details')">Logout()</a>
               </td>
               <td nowrap="true">22:17:14</td>
               <td nowrap="true" align="right">1 ms
                  
               </td>
               <td nowrap="true">
                   
                  
               </td>
            </tr>
            <tr>
               <td colspan="4" class="detailsBox">
                  <div id="Bank.Bank1_Logout_byClass_PASS5_details" class="testMethodDetails">
                     <div>
                        <b>Name: </b>Logout
                     </div>
                     <div>
                        <b>Signature: </b>Logout()[pri:0, instance:Bank.Bank1@43a25848]
                     </div>
                     <div>
                        <b>Start time: </b>22:17:14
                     </div>
                     <div>
                        <b>End time: </b>22:17:14
                     </div>
                     <div>
                        <b>Duration: </b>1 ms
                        
                     </div>
                  </div>
               </td>
            </tr>
            <tr></tr>
            <tr id="Bank.Bank1_BillPayment_byClass_FAIL6_row" class="testMethodStatusFAIL">
               <td width="100%" class="firstMethodCell">
                  <a onclick="toggleDetailsVisibility('Bank.Bank1_BillPayment_byClass_FAIL6_details')">BillPayment()</a>
               </td>
               <td nowrap="true">22:17:14</td>
               <td nowrap="true" align="right">3 ms
                  
               </td>
               <td nowrap="true">
                  <a onclick="toggleDetailsVisibility('Bank.Bank1_BillPayment_byClass_FAIL6_exception')">java.io.FileNotFoundException: 
                     D:\Selenium-Project\Abhishek_Project\Jenkins_Git\localgitrep\HDFCBank\ReportOP\TestHtmlReport.html (The system cannot find
                     the path specified)
                     
                  </a>
                   
                  
               </td>
            </tr>
            <tr>
               <td colspan="4" class="detailsBox">
                  <div id="Bank.Bank1_BillPayment_byClass_FAIL6_details" class="testMethodDetails">
                     <div>
                        <b>Name: </b>BillPayment
                     </div>
                     <div>
                        <b>Signature: </b>BillPayment()[pri:0, instance:Bank.Bank1@43a25848]
                     </div>
                     <div>
                        <b>Start time: </b>22:17:14
                     </div>
                     <div>
                        <b>End time: </b>22:17:14
                     </div>
                     <div>
                        <b>Duration: </b>3 ms
                        
                     </div>
                  </div>
               </td>
            </tr>
            <tr>
               <td colspan="4" class="detailsBox">
                  <div id="Bank.Bank1_BillPayment_byClass_FAIL6_exception" class="testMethodDetails">
                     <pre style="padding: 5px; margin: 0;">java.io.FileNotFoundException: D:\Selenium-Project\Abhishek_Project\Jenkins_Git\localgitrep\HDFCBank\ReportOP\TestHtmlReport.html
                        (The system cannot find the path specified)
                        	at java.io.FileOutputStream.open0(Native Method)
                        	at java.io.FileOutputStream.open(FileOutputStream.java:270)
                        	at java.io.FileOutputStream.&lt;init&gt;(FileOutputStream.java:213)
                        	at java.io.FileWriter.&lt;init&gt;(FileWriter.java:107)
                        	at Bank.Report.updateResult(Report.java:28)
                        	at Bank.Bank1.BillPayment(Bank1.java:51)
                        	at sun.reflect.NativeMethodAccessorImpl.invoke0(Native Method)
                        	at sun.reflect.NativeMethodAccessorImpl.invoke(NativeMethodAccessorImpl.java:62)
                        	at sun.reflect.DelegatingMethodAccessorImpl.invoke(DelegatingMethodAccessorImpl.java:43)
                        	at java.lang.reflect.Method.invoke(Method.java:498)
                        	at org.testng.internal.MethodInvocationHelper.invokeMethod(MethodInvocationHelper.java:84)
                        	at org.testng.internal.Invoker.invokeMethod(Invoker.java:714)
                        	at org.testng.internal.Invoker.invokeTestMethod(Invoker.java:901)
                        	at org.testng.internal.Invoker.invokeTestMethods(Invoker.java:1231)
                        	at org.testng.internal.TestMethodWorker.invokeTestMethods(TestMethodWorker.java:127)
                        	at org.testng.internal.TestMethodWorker.run(TestMethodWorker.java:111)
                        	at org.testng.TestRunner.privateRun(TestRunner.java:767)
                        	at org.testng.TestRunner.run(TestRunner.java:617)
                        	at org.testng.SuiteRunner.runTest(SuiteRunner.java:334)
                        	at org.testng.SuiteRunner.runSequentially(SuiteRunner.java:329)
                        	at org.testng.SuiteRunner.privateRun(SuiteRunner.java:291)
                        	at org.testng.SuiteRunner.run(SuiteRunner.java:240)
                        	at org.testng.SuiteRunnerWorker.runSuite(SuiteRunnerWorker.java:52)
                        	at org.testng.SuiteRunnerWorker.run(SuiteRunnerWorker.java:86)
                        	at org.testng.TestNG.runSuitesSequentially(TestNG.java:1224)
                        	at org.testng.TestNG.runSuitesLocally(TestNG.java:1149)
                        	at org.testng.TestNG.run(TestNG.java:1057)
                        	at org.testng.TestNG.privateMain(TestNG.java:1364)
                        	at org.testng.TestNG.main(TestNG.java:1333)
                     </pre>
                  </div>
               </td>
            </tr>
            <tr id="Bank.Bank1_Login_byClass_PASS7_row"
                class="testMethodStatusPASS testMethodStatusCONF">
               <td width="100%" class="firstMethodCell">
                  <a onclick="toggleDetailsVisibility('Bank.Bank1_Login_byClass_PASS7_details')">Login()</a>
               </td>
               <td nowrap="true">22:17:14</td>
               <td nowrap="true" align="right">0 ms
                  
               </td>
               <td nowrap="true">
                   
                  
               </td>
            </tr>
            <tr>
               <td colspan="4" class="detailsBox">
                  <div id="Bank.Bank1_Login_byClass_PASS7_details" class="testMethodDetails">
                     <div>
                        <b>Name: </b>Login
                     </div>
                     <div>
                        <b>Signature: </b>Login()[pri:0, instance:Bank.Bank1@43a25848]
                     </div>
                     <div>
                        <b>Start time: </b>22:17:14
                     </div>
                     <div>
                        <b>End time: </b>22:17:14
                     </div>
                     <div>
                        <b>Duration: </b>0 ms
                        
                     </div>
                  </div>
               </td>
            </tr>
            <tr></tr>
            <tr id="Bank.Bank1_Logout_byClass_PASS8_row"
                class="testMethodStatusPASS testMethodStatusCONF">
               <td width="100%" class="firstMethodCell">
                  <a onclick="toggleDetailsVisibility('Bank.Bank1_Logout_byClass_PASS8_details')">Logout()</a>
               </td>
               <td nowrap="true">22:17:14</td>
               <td nowrap="true" align="right">1 ms
                  
               </td>
               <td nowrap="true">
                   
                  
               </td>
            </tr>
            <tr>
               <td colspan="4" class="detailsBox">
                  <div id="Bank.Bank1_Logout_byClass_PASS8_details" class="testMethodDetails">
                     <div>
                        <b>Name: </b>Logout
                     </div>
                     <div>
                        <b>Signature: </b>Logout()[pri:0, instance:Bank.Bank1@43a25848]
                     </div>
                     <div>
                        <b>Start time: </b>22:17:14
                     </div>
                     <div>
                        <b>End time: </b>22:17:14
                     </div>
                     <div>
                        <b>Duration: </b>1 ms
                        
                     </div>
                  </div>
               </td>
            </tr>
            <tr></tr>
            <tr id="Bank.Bank1_StdGen_byClass_FAIL9_row" class="testMethodStatusFAIL">
               <td width="100%" class="firstMethodCell">
                  <a onclick="toggleDetailsVisibility('Bank.Bank1_StdGen_byClass_FAIL9_details')">StdGen()</a>
               </td>
               <td nowrap="true">22:17:14</td>
               <td nowrap="true" align="right">3 ms
                  
               </td>
               <td nowrap="true">
                  <a onclick="toggleDetailsVisibility('Bank.Bank1_StdGen_byClass_FAIL9_exception')">java.io.FileNotFoundException: 
                     D:\Selenium-Project\Abhishek_Project\Jenkins_Git\localgitrep\HDFCBank\ReportOP\TestHtmlReport.html (The system cannot find
                     the path specified)
                     
                  </a>
                   
                  
               </td>
            </tr>
            <tr>
               <td colspan="4" class="detailsBox">
                  <div id="Bank.Bank1_StdGen_byClass_FAIL9_details" class="testMethodDetails">
                     <div>
                        <b>Name: </b>StdGen
                     </div>
                     <div>
                        <b>Signature: </b>StdGen()[pri:0, instance:Bank.Bank1@43a25848]
                     </div>
                     <div>
                        <b>Start time: </b>22:17:14
                     </div>
                     <div>
                        <b>End time: </b>22:17:14
                     </div>
                     <div>
                        <b>Duration: </b>3 ms
                        
                     </div>
                  </div>
               </td>
            </tr>
            <tr>
               <td colspan="4" class="detailsBox">
                  <div id="Bank.Bank1_StdGen_byClass_FAIL9_exception" class="testMethodDetails">
                     <pre style="padding: 5px; margin: 0;">java.io.FileNotFoundException: D:\Selenium-Project\Abhishek_Project\Jenkins_Git\localgitrep\HDFCBank\ReportOP\TestHtmlReport.html
                        (The system cannot find the path specified)
                        	at java.io.FileOutputStream.open0(Native Method)
                        	at java.io.FileOutputStream.open(FileOutputStream.java:270)
                        	at java.io.FileOutputStream.&lt;init&gt;(FileOutputStream.java:213)
                        	at java.io.FileWriter.&lt;init&gt;(FileWriter.java:107)
                        	at Bank.Report.updateResult(Report.java:28)
                        	at Bank.Bank1.StdGen(Bank1.java:38)
                        	at sun.reflect.NativeMethodAccessorImpl.invoke0(Native Method)
                        	at sun.reflect.NativeMethodAccessorImpl.invoke(NativeMethodAccessorImpl.java:62)
                        	at sun.reflect.DelegatingMethodAccessorImpl.invoke(DelegatingMethodAccessorImpl.java:43)
                        	at java.lang.reflect.Method.invoke(Method.java:498)
                        	at org.testng.internal.MethodInvocationHelper.invokeMethod(MethodInvocationHelper.java:84)
                        	at org.testng.internal.Invoker.invokeMethod(Invoker.java:714)
                        	at org.testng.internal.Invoker.invokeTestMethod(Invoker.java:901)
                        	at org.testng.internal.Invoker.invokeTestMethods(Invoker.java:1231)
                        	at org.testng.internal.TestMethodWorker.invokeTestMethods(TestMethodWorker.java:127)
                        	at org.testng.internal.TestMethodWorker.run(TestMethodWorker.java:111)
                        	at org.testng.TestRunner.privateRun(TestRunner.java:767)
                        	at org.testng.TestRunner.run(TestRunner.java:617)
                        	at org.testng.SuiteRunner.runTest(SuiteRunner.java:334)
                        	at org.testng.SuiteRunner.runSequentially(SuiteRunner.java:329)
                        	at org.testng.SuiteRunner.privateRun(SuiteRunner.java:291)
                        	at org.testng.SuiteRunner.run(SuiteRunner.java:240)
                        	at org.testng.SuiteRunnerWorker.runSuite(SuiteRunnerWorker.java:52)
                        	at org.testng.SuiteRunnerWorker.run(SuiteRunnerWorker.java:86)
                        	at org.testng.TestNG.runSuitesSequentially(TestNG.java:1224)
                        	at org.testng.TestNG.runSuitesLocally(TestNG.java:1149)
                        	at org.testng.TestNG.run(TestNG.java:1057)
                        	at org.testng.TestNG.privateMain(TestNG.java:1364)
                        	at org.testng.TestNG.main(TestNG.java:1333)
                     </pre>
                  </div>
               </td>
            </tr>
            <tr id="Bank.Bank1_Login_byClass_PASS10_row"
                class="testMethodStatusPASS testMethodStatusCONF">
               <td width="100%" class="firstMethodCell">
                  <a onclick="toggleDetailsVisibility('Bank.Bank1_Login_byClass_PASS10_details')">Login()</a>
               </td>
               <td nowrap="true">22:17:14</td>
               <td nowrap="true" align="right">0 ms
                  
               </td>
               <td nowrap="true">
                   
                  
               </td>
            </tr>
            <tr>
               <td colspan="4" class="detailsBox">
                  <div id="Bank.Bank1_Login_byClass_PASS10_details" class="testMethodDetails">
                     <div>
                        <b>Name: </b>Login
                     </div>
                     <div>
                        <b>Signature: </b>Login()[pri:0, instance:Bank.Bank1@43a25848]
                     </div>
                     <div>
                        <b>Start time: </b>22:17:14
                     </div>
                     <div>
                        <b>End time: </b>22:17:14
                     </div>
                     <div>
                        <b>Duration: </b>0 ms
                        
                     </div>
                  </div>
               </td>
            </tr>
            <tr></tr>
            <tr id="Bank.Bank1_Logout_byClass_PASS11_row"
                class="testMethodStatusPASS testMethodStatusCONF">
               <td width="100%" class="firstMethodCell">
                  <a onclick="toggleDetailsVisibility('Bank.Bank1_Logout_byClass_PASS11_details')">Logout()</a>
               </td>
               <td nowrap="true">22:17:14</td>
               <td nowrap="true" align="right">2 ms
                  
               </td>
               <td nowrap="true">
                   
                  
               </td>
            </tr>
            <tr>
               <td colspan="4" class="detailsBox">
                  <div id="Bank.Bank1_Logout_byClass_PASS11_details" class="testMethodDetails">
                     <div>
                        <b>Name: </b>Logout
                     </div>
                     <div>
                        <b>Signature: </b>Logout()[pri:0, instance:Bank.Bank1@43a25848]
                     </div>
                     <div>
                        <b>Start time: </b>22:17:14
                     </div>
                     <div>
                        <b>End time: </b>22:17:14
                     </div>
                     <div>
                        <b>Duration: </b>2 ms
                        
                     </div>
                  </div>
               </td>
            </tr>
            <tr></tr>
            <tr id="Bank.Bank1_ApplyCC_byClass_SKIP12_row" class="testMethodStatusSKIP">
               <td width="100%" class="firstMethodCell">
                  <a onclick="toggleDetailsVisibility('Bank.Bank1_ApplyCC_byClass_SKIP12_details')">ApplyCC()</a>
               </td>
               <td nowrap="true">22:17:14</td>
               <td nowrap="true" align="right">3 ms
                  
               </td>
               <td nowrap="true">
                   
                  
               </td>
            </tr>
            <tr>
               <td colspan="4" class="detailsBox">
                  <div id="Bank.Bank1_ApplyCC_byClass_SKIP12_details" class="testMethodDetails">
                     <div>
                        <b>Name: </b>ApplyCC
                     </div>
                     <div>
                        <b>Signature: </b>ApplyCC()[pri:0, instance:Bank.Bank1@43a25848]
                     </div>
                     <div>
                        <b>Start time: </b>22:17:14
                     </div>
                     <div>
                        <b>End time: </b>22:17:14
                     </div>
                     <div>
                        <b>Duration: </b>3 ms
                        
                     </div>
                     <div>
                        <b>Depends on methods:
                           
                        </b>
                        <div>
                               -
                           Bank.Bank1.BillPayment
                        </div>
                     </div>
                  </div>
               </td>
            </tr>
            <tr></tr>
            <tr id="Bank.Bank1_CloseBrowser_byClass_PASS13_row"
                class="testMethodStatusPASS testMethodStatusCONF">
               <td width="100%" class="firstMethodCell">
                  <a onclick="toggleDetailsVisibility('Bank.Bank1_CloseBrowser_byClass_PASS13_details')">CloseBrowser()</a>
               </td>
               <td nowrap="true">22:17:14</td>
               <td nowrap="true" align="right">0 ms
                  
               </td>
               <td nowrap="true">
                   
                  
               </td>
            </tr>
            <tr>
               <td colspan="4" class="detailsBox">
                  <div id="Bank.Bank1_CloseBrowser_byClass_PASS13_details" class="testMethodDetails">
                     <div>
                        <b>Name: </b>CloseBrowser
                     </div>
                     <div>
                        <b>Signature: </b>CloseBrowser()[pri:0, instance:Bank.Bank1@43a25848]
                     </div>
                     <div>
                        <b>Start time: </b>22:17:14
                     </div>
                     <div>
                        <b>End time: </b>22:17:14
                     </div>
                     <div>
                        <b>Duration: </b>0 ms
                        
                     </div>
                  </div>
               </td>
            </tr>
            <tr></tr>
            <tr id="Bank.Bank1_DisconnectDB_byClass_PASS14_row"
                class="testMethodStatusPASS testMethodStatusCONF">
               <td width="100%" class="firstMethodCell">
                  <a onclick="toggleDetailsVisibility('Bank.Bank1_DisconnectDB_byClass_PASS14_details')">DisconnectDB()</a>
               </td>
               <td nowrap="true">22:17:14</td>
               <td nowrap="true" align="right">0 ms
                  
               </td>
               <td nowrap="true">
                   
                  
               </td>
            </tr>
            <tr>
               <td colspan="4" class="detailsBox">
                  <div id="Bank.Bank1_DisconnectDB_byClass_PASS14_details" class="testMethodDetails">
                     <div>
                        <b>Name: </b>DisconnectDB
                     </div>
                     <div>
                        <b>Signature: </b>DisconnectDB()[pri:0, instance:Bank.Bank1@43a25848]
                     </div>
                     <div>
                        <b>Start time: </b>22:17:14
                     </div>
                     <div>
                        <b>End time: </b>22:17:14
                     </div>
                     <div>
                        <b>Duration: </b>0 ms
                        
                     </div>
                  </div>
               </td>
            </tr>
            <tr></tr>
         </table>
         <br></br>
         <table class="testMethodsTable" cellpadding="0" cellspacing="0">
            <tr>
               <td colspan="4">
                  <h3 style="display: inline;">Bank.Bank1</h3>
               </td>
            </tr>
            <tr class="methodsTableHeader">
               <td width="100%">Name</td>
               <td nowrap="true">Started</td>
               <td nowrap="true">Duration</td>
               <td>Exception</td>
            </tr>
            <tr id="Bank.Bank1_OpenSel_byClass_PASS1_row"
                class="testMethodStatusPASS testMethodStatusCONF">
               <td width="100%" class="firstMethodCell">
                  <a onclick="toggleDetailsVisibility('Bank.Bank1_OpenSel_byClass_PASS1_details')">OpenSel()</a>
               </td>
               <td nowrap="true">22:17:14</td>
               <td nowrap="true" align="right">17 ms
                  
               </td>
               <td nowrap="true">
                   
                  
               </td>
            </tr>
            <tr>
               <td colspan="4" class="detailsBox">
                  <div id="Bank.Bank1_OpenSel_byClass_PASS1_details" class="testMethodDetails">
                     <div>
                        <b>Name: </b>OpenSel
                     </div>
                     <div>
                        <b>Signature: </b>OpenSel()[pri:0, instance:Bank.Bank1@43a25848]
                     </div>
                     <div>
                        <b>Start time: </b>22:17:14
                     </div>
                     <div>
                        <b>End time: </b>22:17:14
                     </div>
                     <div>
                        <b>Duration: </b>17 ms
                        
                     </div>
                  </div>
               </td>
            </tr>
            <tr></tr>
            <tr id="Bank.Bank1_OpenSel_byClass_PASS2_row"
                class="testMethodStatusPASS testMethodStatusCONF">
               <td width="100%" class="firstMethodCell">
                  <a onclick="toggleDetailsVisibility('Bank.Bank1_OpenSel_byClass_PASS2_details')">OpenSel()</a>
               </td>
               <td nowrap="true">22:17:14</td>
               <td nowrap="true" align="right">0 ms
                  
               </td>
               <td nowrap="true">
                   
                  
               </td>
            </tr>
            <tr>
               <td colspan="4" class="detailsBox">
                  <div id="Bank.Bank1_OpenSel_byClass_PASS2_details" class="testMethodDetails">
                     <div>
                        <b>Name: </b>OpenSel
                     </div>
                     <div>
                        <b>Signature: </b>OpenSel()[pri:0, instance:Bank.Bank2@60f82f98]
                     </div>
                     <div>
                        <b>Start time: </b>22:17:14
                     </div>
                     <div>
                        <b>End time: </b>22:17:14
                     </div>
                     <div>
                        <b>Duration: </b>0 ms
                        
                     </div>
                  </div>
               </td>
            </tr>
            <tr></tr>
            <tr id="Bank.Bank1_CloseSel_byClass_PASS3_row"
                class="testMethodStatusPASS testMethodStatusCONF">
               <td width="100%" class="firstMethodCell">
                  <a onclick="toggleDetailsVisibility('Bank.Bank1_CloseSel_byClass_PASS3_details')">CloseSel()</a>
               </td>
               <td nowrap="true">22:17:14</td>
               <td nowrap="true" align="right">1 ms
                  
               </td>
               <td nowrap="true">
                   
                  
               </td>
            </tr>
            <tr>
               <td colspan="4" class="detailsBox">
                  <div id="Bank.Bank1_CloseSel_byClass_PASS3_details" class="testMethodDetails">
                     <div>
                        <b>Name: </b>CloseSel
                     </div>
                     <div>
                        <b>Signature: </b>CloseSel()[pri:0, instance:Bank.Bank1@43a25848]
                     </div>
                     <div>
                        <b>Start time: </b>22:17:14
                     </div>
                     <div>
                        <b>End time: </b>22:17:14
                     </div>
                     <div>
                        <b>Duration: </b>1 ms
                        
                     </div>
                  </div>
               </td>
            </tr>
            <tr></tr>
            <tr id="Bank.Bank1_CloseSel_byClass_PASS4_row"
                class="testMethodStatusPASS testMethodStatusCONF">
               <td width="100%" class="firstMethodCell">
                  <a onclick="toggleDetailsVisibility('Bank.Bank1_CloseSel_byClass_PASS4_details')">CloseSel()</a>
               </td>
               <td nowrap="true">22:17:14</td>
               <td nowrap="true" align="right">0 ms
                  
               </td>
               <td nowrap="true">
                   
                  
               </td>
            </tr>
            <tr>
               <td colspan="4" class="detailsBox">
                  <div id="Bank.Bank1_CloseSel_byClass_PASS4_details" class="testMethodDetails">
                     <div>
                        <b>Name: </b>CloseSel
                     </div>
                     <div>
                        <b>Signature: </b>CloseSel()[pri:0, instance:Bank.Bank2@60f82f98]
                     </div>
                     <div>
                        <b>Start time: </b>22:17:14
                     </div>
                     <div>
                        <b>End time: </b>22:17:14
                     </div>
                     <div>
                        <b>Duration: </b>0 ms
                        
                     </div>
                  </div>
               </td>
            </tr>
            <tr></tr>
         </table>
         <br></br>
         <table class="testMethodsTable" cellpadding="0" cellspacing="0">
            <tr>
               <td colspan="4">
                  <h3 style="display: inline;">Bank.Bank2</h3>
               </td>
            </tr>
            <tr class="methodsTableHeader">
               <td width="100%">Name</td>
               <td nowrap="true">Started</td>
               <td nowrap="true">Duration</td>
               <td>Exception</td>
            </tr>
            <tr id="Bank.Bank2_xyz_byClass_PASS1_row"
                class="testMethodStatusPASS testMethodStatusCONF">
               <td width="100%" class="firstMethodCell">
                  <a onclick="toggleDetailsVisibility('Bank.Bank2_xyz_byClass_PASS1_details')">xyz()</a>
               </td>
               <td nowrap="true">22:17:14</td>
               <td nowrap="true" align="right">0 ms
                  
               </td>
               <td nowrap="true">
                   
                  
               </td>
            </tr>
            <tr>
               <td colspan="4" class="detailsBox">
                  <div id="Bank.Bank2_xyz_byClass_PASS1_details" class="testMethodDetails">
                     <div>
                        <b>Name: </b>xyz
                     </div>
                     <div>
                        <b>Signature: </b>xyz()[pri:0, instance:Bank.Bank2@60f82f98]
                     </div>
                     <div>
                        <b>Start time: </b>22:17:14
                     </div>
                     <div>
                        <b>End time: </b>22:17:14
                     </div>
                     <div>
                        <b>Duration: </b>0 ms
                        
                     </div>
                  </div>
               </td>
            </tr>
            <tr></tr>
            <tr id="Bank.Bank2_ApplyHL_byClass_FAIL2_row" class="testMethodStatusFAIL">
               <td width="100%" class="firstMethodCell">
                  <a onclick="toggleDetailsVisibility('Bank.Bank2_ApplyHL_byClass_FAIL2_details')">ApplyHL()</a>
               </td>
               <td nowrap="true">22:17:14</td>
               <td nowrap="true" align="right">3 ms
                  
               </td>
               <td nowrap="true">
                  <a onclick="toggleDetailsVisibility('Bank.Bank2_ApplyHL_byClass_FAIL2_exception')">java.io.FileNotFoundException: 
                     D:\Selenium-Project\Abhishek_Project\Jenkins_Git\localgitrep\HDFCBank\ReportOP\TestHtmlReport.html (The system cannot find
                     the path specified)
                     
                  </a>
                   
                  
               </td>
            </tr>
            <tr>
               <td colspan="4" class="detailsBox">
                  <div id="Bank.Bank2_ApplyHL_byClass_FAIL2_details" class="testMethodDetails">
                     <div>
                        <b>Name: </b>ApplyHL
                     </div>
                     <div>
                        <b>Signature: </b>ApplyHL()[pri:0, instance:Bank.Bank2@60f82f98]
                     </div>
                     <div>
                        <b>Start time: </b>22:17:14
                     </div>
                     <div>
                        <b>End time: </b>22:17:14
                     </div>
                     <div>
                        <b>Duration: </b>3 ms
                        
                     </div>
                  </div>
               </td>
            </tr>
            <tr>
               <td colspan="4" class="detailsBox">
                  <div id="Bank.Bank2_ApplyHL_byClass_FAIL2_exception" class="testMethodDetails">
                     <pre style="padding: 5px; margin: 0;">java.io.FileNotFoundException: D:\Selenium-Project\Abhishek_Project\Jenkins_Git\localgitrep\HDFCBank\ReportOP\TestHtmlReport.html
                        (The system cannot find the path specified)
                        	at java.io.FileOutputStream.open0(Native Method)
                        	at java.io.FileOutputStream.open(FileOutputStream.java:270)
                        	at java.io.FileOutputStream.&lt;init&gt;(FileOutputStream.java:213)
                        	at java.io.FileWriter.&lt;init&gt;(FileWriter.java:107)
                        	at Bank.Report.updateResult(Report.java:28)
                        	at Bank.Bank2.ApplyHL(Bank2.java:34)
                        	at sun.reflect.NativeMethodAccessorImpl.invoke0(Native Method)
                        	at sun.reflect.NativeMethodAccessorImpl.invoke(NativeMethodAccessorImpl.java:62)
                        	at sun.reflect.DelegatingMethodAccessorImpl.invoke(DelegatingMethodAccessorImpl.java:43)
                        	at java.lang.reflect.Method.invoke(Method.java:498)
                        	at org.testng.internal.MethodInvocationHelper.invokeMethod(MethodInvocationHelper.java:84)
                        	at org.testng.internal.Invoker.invokeMethod(Invoker.java:714)
                        	at org.testng.internal.Invoker.invokeTestMethod(Invoker.java:901)
                        	at org.testng.internal.Invoker.invokeTestMethods(Invoker.java:1231)
                        	at org.testng.internal.TestMethodWorker.invokeTestMethods(TestMethodWorker.java:127)
                        	at org.testng.internal.TestMethodWorker.run(TestMethodWorker.java:111)
                        	at org.testng.TestRunner.privateRun(TestRunner.java:767)
                        	at org.testng.TestRunner.run(TestRunner.java:617)
                        	at org.testng.SuiteRunner.runTest(SuiteRunner.java:334)
                        	at org.testng.SuiteRunner.runSequentially(SuiteRunner.java:329)
                        	at org.testng.SuiteRunner.privateRun(SuiteRunner.java:291)
                        	at org.testng.SuiteRunner.run(SuiteRunner.java:240)
                        	at org.testng.SuiteRunnerWorker.runSuite(SuiteRunnerWorker.java:52)
                        	at org.testng.SuiteRunnerWorker.run(SuiteRunnerWorker.java:86)
                        	at org.testng.TestNG.runSuitesSequentially(TestNG.java:1224)
                        	at org.testng.TestNG.runSuitesLocally(TestNG.java:1149)
                        	at org.testng.TestNG.run(TestNG.java:1057)
                        	at org.testng.TestNG.privateMain(TestNG.java:1364)
                        	at org.testng.TestNG.main(TestNG.java:1333)
                     </pre>
                  </div>
               </td>
            </tr>
            <tr id="Bank.Bank2_xyz_byClass_PASS3_row"
                class="testMethodStatusPASS testMethodStatusCONF">
               <td width="100%" class="firstMethodCell">
                  <a onclick="toggleDetailsVisibility('Bank.Bank2_xyz_byClass_PASS3_details')">xyz()</a>
               </td>
               <td nowrap="true">22:17:14</td>
               <td nowrap="true" align="right">2 ms
                  
               </td>
               <td nowrap="true">
                   
                  
               </td>
            </tr>
            <tr>
               <td colspan="4" class="detailsBox">
                  <div id="Bank.Bank2_xyz_byClass_PASS3_details" class="testMethodDetails">
                     <div>
                        <b>Name: </b>xyz
                     </div>
                     <div>
                        <b>Signature: </b>xyz()[pri:0, instance:Bank.Bank2@60f82f98]
                     </div>
                     <div>
                        <b>Start time: </b>22:17:14
                     </div>
                     <div>
                        <b>End time: </b>22:17:14
                     </div>
                     <div>
                        <b>Duration: </b>2 ms
                        
                     </div>
                  </div>
               </td>
            </tr>
            <tr></tr>
            <tr id="Bank.Bank2_ApplyPL_byClass_FAIL4_row" class="testMethodStatusFAIL">
               <td width="100%" class="firstMethodCell">
                  <a onclick="toggleDetailsVisibility('Bank.Bank2_ApplyPL_byClass_FAIL4_details')">ApplyPL()</a>
               </td>
               <td nowrap="true">22:17:14</td>
               <td nowrap="true" align="right">2 ms
                  
               </td>
               <td nowrap="true">
                  <a onclick="toggleDetailsVisibility('Bank.Bank2_ApplyPL_byClass_FAIL4_exception')">java.io.FileNotFoundException: 
                     D:\Selenium-Project\Abhishek_Project\Jenkins_Git\localgitrep\HDFCBank\ReportOP\TestHtmlReport.html (The system cannot find
                     the path specified)
                     
                  </a>
                   
                  
               </td>
            </tr>
            <tr>
               <td colspan="4" class="detailsBox">
                  <div id="Bank.Bank2_ApplyPL_byClass_FAIL4_details" class="testMethodDetails">
                     <div>
                        <b>Name: </b>ApplyPL
                     </div>
                     <div>
                        <b>Signature: </b>ApplyPL()[pri:0, instance:Bank.Bank2@60f82f98]
                     </div>
                     <div>
                        <b>Start time: </b>22:17:14
                     </div>
                     <div>
                        <b>End time: </b>22:17:14
                     </div>
                     <div>
                        <b>Duration: </b>2 ms
                        
                     </div>
                  </div>
               </td>
            </tr>
            <tr>
               <td colspan="4" class="detailsBox">
                  <div id="Bank.Bank2_ApplyPL_byClass_FAIL4_exception" class="testMethodDetails">
                     <pre style="padding: 5px; margin: 0;">java.io.FileNotFoundException: D:\Selenium-Project\Abhishek_Project\Jenkins_Git\localgitrep\HDFCBank\ReportOP\TestHtmlReport.html
                        (The system cannot find the path specified)
                        	at java.io.FileOutputStream.open0(Native Method)
                        	at java.io.FileOutputStream.open(FileOutputStream.java:270)
                        	at java.io.FileOutputStream.&lt;init&gt;(FileOutputStream.java:213)
                        	at java.io.FileWriter.&lt;init&gt;(FileWriter.java:107)
                        	at Bank.Report.updateResult(Report.java:28)
                        	at Bank.Bank2.ApplyPL(Bank2.java:45)
                        	at sun.reflect.NativeMethodAccessorImpl.invoke0(Native Method)
                        	at sun.reflect.NativeMethodAccessorImpl.invoke(NativeMethodAccessorImpl.java:62)
                        	at sun.reflect.DelegatingMethodAccessorImpl.invoke(DelegatingMethodAccessorImpl.java:43)
                        	at java.lang.reflect.Method.invoke(Method.java:498)
                        	at org.testng.internal.MethodInvocationHelper.invokeMethod(MethodInvocationHelper.java:84)
                        	at org.testng.internal.Invoker.invokeMethod(Invoker.java:714)
                        	at org.testng.internal.Invoker.invokeTestMethod(Invoker.java:901)
                        	at org.testng.internal.Invoker.invokeTestMethods(Invoker.java:1231)
                        	at org.testng.internal.TestMethodWorker.invokeTestMethods(TestMethodWorker.java:127)
                        	at org.testng.internal.TestMethodWorker.run(TestMethodWorker.java:111)
                        	at org.testng.TestRunner.privateRun(TestRunner.java:767)
                        	at org.testng.TestRunner.run(TestRunner.java:617)
                        	at org.testng.SuiteRunner.runTest(SuiteRunner.java:334)
                        	at org.testng.SuiteRunner.runSequentially(SuiteRunner.java:329)
                        	at org.testng.SuiteRunner.privateRun(SuiteRunner.java:291)
                        	at org.testng.SuiteRunner.run(SuiteRunner.java:240)
                        	at org.testng.SuiteRunnerWorker.runSuite(SuiteRunnerWorker.java:52)
                        	at org.testng.SuiteRunnerWorker.run(SuiteRunnerWorker.java:86)
                        	at org.testng.TestNG.runSuitesSequentially(TestNG.java:1224)
                        	at org.testng.TestNG.runSuitesLocally(TestNG.java:1149)
                        	at org.testng.TestNG.run(TestNG.java:1057)
                        	at org.testng.TestNG.privateMain(TestNG.java:1364)
                        	at org.testng.TestNG.main(TestNG.java:1333)
                     </pre>
                  </div>
               </td>
            </tr>
         </table>
         <br></br>
         <table class="testMethodsTable" cellpadding="0" cellspacing="0">
            <tr>
               <td colspan="4">
                  <h3 style="display: inline;">Bank.Bank3</h3>
               </td>
            </tr>
            <tr class="methodsTableHeader">
               <td width="100%">Name</td>
               <td nowrap="true">Started</td>
               <td nowrap="true">Duration</td>
               <td>Exception</td>
            </tr>
            <tr id="Bank.Bank3_login_byClass_PASS1_row" class="testMethodStatusPASS">
               <td width="100%" class="firstMethodCell">
                  <a onclick="toggleDetailsVisibility('Bank.Bank3_login_byClass_PASS1_details')">login(u1
                     
                     ,
                     
                     p1)
                  </a>
               </td>
               <td nowrap="true">22:17:14</td>
               <td nowrap="true" align="right">2 ms
                  
               </td>
               <td nowrap="true">
                   
                  
               </td>
            </tr>
            <tr>
               <td colspan="4" class="detailsBox">
                  <div id="Bank.Bank3_login_byClass_PASS1_details" class="testMethodDetails">
                     <div>
                        <b>Name: </b>login
                     </div>
                     <div>
                        <b>Signature: </b>login(java.lang.String, java.lang.String)[pri:0, instance:Bank.Bank3@6442b0a6]
                     </div>
                     <div>
                        <b>Parameters: </b>
                        
                        u1
                        
                        ,
                        
                        p1
                        
                        
                     </div>
                     <div>
                        <b>Start time: </b>22:17:14
                     </div>
                     <div>
                        <b>End time: </b>22:17:14
                     </div>
                     <div>
                        <b>Duration: </b>2 ms
                        
                     </div>
                  </div>
               </td>
            </tr>
            <tr></tr>
            <tr id="Bank.Bank3_product_byClass_PASS2_row" class="testMethodStatusPASS">
               <td width="100%" class="firstMethodCell">
                  <a onclick="toggleDetailsVisibility('Bank.Bank3_product_byClass_PASS2_details')">product(data11
                     
                     ,
                     
                     data12
                     
                     ,
                     
                     data13)
                  </a>
               </td>
               <td nowrap="true">22:17:14</td>
               <td nowrap="true" align="right">0 ms
                  
               </td>
               <td nowrap="true">
                   
                  
               </td>
            </tr>
            <tr>
               <td colspan="4" class="detailsBox">
                  <div id="Bank.Bank3_product_byClass_PASS2_details" class="testMethodDetails">
                     <div>
                        <b>Name: </b>product
                     </div>
                     <div>
                        <b>Signature: </b>product(java.lang.String, java.lang.String, java.lang.String)[pri:0, instance:Bank.Bank3@6442b0a6]
                     </div>
                     <div>
                        <b>Parameters: </b>
                        
                        data11
                        
                        ,
                        
                        data12
                        
                        ,
                        
                        data13
                        
                        
                     </div>
                     <div>
                        <b>Start time: </b>22:17:14
                     </div>
                     <div>
                        <b>End time: </b>22:17:14
                     </div>
                     <div>
                        <b>Duration: </b>0 ms
                        
                     </div>
                  </div>
               </td>
            </tr>
            <tr></tr>
            <tr id="Bank.Bank3_login_byClass_PASS3_row" class="testMethodStatusPASS">
               <td width="100%" class="firstMethodCell">
                  <a onclick="toggleDetailsVisibility('Bank.Bank3_login_byClass_PASS3_details')">login(u2
                     
                     ,
                     
                     p2)
                  </a>
               </td>
               <td nowrap="true">22:17:14</td>
               <td nowrap="true" align="right">0 ms
                  
               </td>
               <td nowrap="true">
                   
                  
               </td>
            </tr>
            <tr>
               <td colspan="4" class="detailsBox">
                  <div id="Bank.Bank3_login_byClass_PASS3_details" class="testMethodDetails">
                     <div>
                        <b>Name: </b>login
                     </div>
                     <div>
                        <b>Signature: </b>login(java.lang.String, java.lang.String)[pri:0, instance:Bank.Bank3@6442b0a6]
                     </div>
                     <div>
                        <b>Parameters: </b>
                        
                        u2
                        
                        ,
                        
                        p2
                        
                        
                     </div>
                     <div>
                        <b>Start time: </b>22:17:14
                     </div>
                     <div>
                        <b>End time: </b>22:17:14
                     </div>
                     <div>
                        <b>Duration: </b>0 ms
                        
                     </div>
                  </div>
               </td>
            </tr>
            <tr></tr>
            <tr id="Bank.Bank3_product_byClass_PASS4_row" class="testMethodStatusPASS">
               <td width="100%" class="firstMethodCell">
                  <a onclick="toggleDetailsVisibility('Bank.Bank3_product_byClass_PASS4_details')">product(data21
                     
                     ,
                     
                     data22
                     
                     ,
                     
                     data23)
                  </a>
               </td>
               <td nowrap="true">22:17:14</td>
               <td nowrap="true" align="right">1 ms
                  
               </td>
               <td nowrap="true">
                   
                  
               </td>
            </tr>
            <tr>
               <td colspan="4" class="detailsBox">
                  <div id="Bank.Bank3_product_byClass_PASS4_details" class="testMethodDetails">
                     <div>
                        <b>Name: </b>product
                     </div>
                     <div>
                        <b>Signature: </b>product(java.lang.String, java.lang.String, java.lang.String)[pri:0, instance:Bank.Bank3@6442b0a6]
                     </div>
                     <div>
                        <b>Parameters: </b>
                        
                        data21
                        
                        ,
                        
                        data22
                        
                        ,
                        
                        data23
                        
                        
                     </div>
                     <div>
                        <b>Start time: </b>22:17:14
                     </div>
                     <div>
                        <b>End time: </b>22:17:14
                     </div>
                     <div>
                        <b>Duration: </b>1 ms
                        
                     </div>
                  </div>
               </td>
            </tr>
            <tr></tr>
         </table>
         <br></br>
         <table class="testMethodsTable" cellpadding="0" cellspacing="0">
            <tr>
               <td colspan="4">
                  <h3 style="display: inline;">Bank.Bank4</h3>
               </td>
            </tr>
            <tr class="methodsTableHeader">
               <td width="100%">Name</td>
               <td nowrap="true">Started</td>
               <td nowrap="true">Duration</td>
               <td>Exception</td>
            </tr>
            <tr id="Bank.Bank4_PayTax_byClass_PASS1_row" class="testMethodStatusPASS">
               <td width="100%" class="firstMethodCell">
                  <a onclick="toggleDetailsVisibility('Bank.Bank4_PayTax_byClass_PASS1_details')">PayTax()</a>
               </td>
               <td nowrap="true">22:17:14</td>
               <td nowrap="true" align="right">5 ms
                  
               </td>
               <td nowrap="true">
                   
                  
               </td>
            </tr>
            <tr>
               <td colspan="4" class="detailsBox">
                  <div id="Bank.Bank4_PayTax_byClass_PASS1_details" class="testMethodDetails">
                     <div>
                        <b>Name: </b>PayTax
                     </div>
                     <div>
                        <b>Signature: </b>PayTax()[pri:0, instance:Bank.Bank4@e580929]
                     </div>
                     <div>
                        <b>Start time: </b>22:17:14
                     </div>
                     <div>
                        <b>End time: </b>22:17:14
                     </div>
                     <div>
                        <b>Duration: </b>5 ms
                        
                     </div>
                  </div>
               </td>
            </tr>
            <tr></tr>
            <tr id="Bank.Bank4_ITReturn_byClass_PASS2_row" class="testMethodStatusPASS">
               <td width="100%" class="firstMethodCell">
                  <a onclick="toggleDetailsVisibility('Bank.Bank4_ITReturn_byClass_PASS2_details')">ITReturn()</a>
               </td>
               <td nowrap="true">22:17:14</td>
               <td nowrap="true" align="right">0 ms
                  
               </td>
               <td nowrap="true">
                   
                  
               </td>
            </tr>
            <tr>
               <td colspan="4" class="detailsBox">
                  <div id="Bank.Bank4_ITReturn_byClass_PASS2_details" class="testMethodDetails">
                     <div>
                        <b>Name: </b>ITReturn
                     </div>
                     <div>
                        <b>Signature: </b>ITReturn()[pri:0, instance:Bank.Bank4@e580929]
                     </div>
                     <div>
                        <b>Start time: </b>22:17:14
                     </div>
                     <div>
                        <b>End time: </b>22:17:14
                     </div>
                     <div>
                        <b>Duration: </b>0 ms
                        
                     </div>
                  </div>
               </td>
            </tr>
            <tr></tr>
         </table>
         <br></br>
      </div>
      <div style="margin-top: 15px; color: gray; text-align: center; font-size: 9px;">
         Generated with
         
         <a href="http://code.google.com/p/testng-xslt/" style="color: #8888aa;"
            target="_blank">
            TestNG XSLT
            
         </a>
      </div>
   </body>
</html>