<?xml version="1.0" encoding="UTF-8"?>
<!-- Generated by org.testng.reporters.JUnitXMLReporter -->
<testsuite hostname="ABHICHAK-LAP" name="Mod2" tests="6" failures="2" timestamp="28 May 2019 16:47:14 GMT" time="0.02" errors="0">
  <testcase name="ApplyHL" time="0.003" classname="Bank.Bank2">
    <failure type="java.io.FileNotFoundException" message="D:\Selenium-Project\Abhishek_Project\Jenkins_Git\localgitrep\HDFCBank\ReportOP\TestHtmlReport.html (The system cannot find the path specified)">
      <![CDATA[java.io.FileNotFoundException: D:\Selenium-Project\Abhishek_Project\Jenkins_Git\localgitrep\HDFCBank\ReportOP\TestHtmlReport.html (The system cannot find the path specified)
	at java.io.FileOutputStream.open0(Native Method)
	at java.io.FileOutputStream.open(FileOutputStream.java:270)
	at java.io.FileOutputStream.<init>(FileOutputStream.java:213)
	at java.io.FileWriter.<init>(FileWriter.java:107)
	at Bank.Report.updateResult(Report.java:28)
	at Bank.Bank2.ApplyHL(Bank2.java:34)
... Removed 23 stack frames]]>
    </failure>
  </testcase> <!-- ApplyHL -->
  <testcase name="ApplyPL" time="0.002" classname="Bank.Bank2">
    <failure type="java.io.FileNotFoundException" message="D:\Selenium-Project\Abhishek_Project\Jenkins_Git\localgitrep\HDFCBank\ReportOP\TestHtmlReport.html (The system cannot find the path specified)">
      <![CDATA[java.io.FileNotFoundException: D:\Selenium-Project\Abhishek_Project\Jenkins_Git\localgitrep\HDFCBank\ReportOP\TestHtmlReport.html (The system cannot find the path specified)
	at java.io.FileOutputStream.open0(Native Method)
	at java.io.FileOutputStream.open(FileOutputStream.java:270)
	at java.io.FileOutputStream.<init>(FileOutputStream.java:213)
	at java.io.FileWriter.<init>(FileWriter.java:107)
	at Bank.Report.updateResult(Report.java:28)
	at Bank.Bank2.ApplyPL(Bank2.java:45)
... Removed 23 stack frames]]>
    </failure>
  </testcase> <!-- ApplyPL -->
  <testcase name="login" time="0.002" classname="Bank.Bank3"/>
  <testcase name="login" time="0.0" classname="Bank.Bank3"/>
  <testcase name="product" time="0.0" classname="Bank.Bank3"/>
  <testcase name="product" time="0.001" classname="Bank.Bank3"/>
</testsuite> <!-- Mod2 -->
