<?xml version="1.0" encoding="UTF-8"?>
<testng-results skipped="1" failed="5" total="12" passed="6">
  <reporter-output>
  </reporter-output>
  <suite name="My Test Suite" duration-ms="139" started-at="2019-05-27T17:53:59Z" finished-at="2019-05-27T17:54:00Z">
    <groups>
      <group name="Acceptance">
        <method signature="Bank1.BillPayment()[pri:0, instance:Bank.Bank1@43a25848]" name="BillPayment" class="Bank.Bank1"/>
        <method signature="Bank1.ApplyCC()[pri:0, instance:Bank.Bank1@43a25848]" name="ApplyCC" class="Bank.Bank1"/>
      </group> <!-- Acceptance -->
      <group name="Reg">
        <method signature="Bank1.ApplyCC()[pri:0, instance:Bank.Bank1@43a25848]" name="ApplyCC" class="Bank.Bank1"/>
        <method signature="Bank1.StdGen()[pri:0, instance:Bank.Bank1@43a25848]" name="StdGen" class="Bank.Bank1"/>
        <method signature="Bank1.MoneyTransfer()[pri:0, instance:Bank.Bank1@43a25848]" name="MoneyTransfer" class="Bank.Bank1"/>
      </group> <!-- Reg -->
    </groups>
    <test name="Mod1" duration-ms="59" started-at="2019-05-27T17:53:59Z" finished-at="2019-05-27T17:53:59Z">
      <class name="Bank.Bank1">
        <test-method status="PASS" signature="connectDB()[pri:0, instance:Bank.Bank1@43a25848]" name="connectDB" is-config="true" duration-ms="0" started-at="2019-05-27T23:23:59Z" finished-at="2019-05-27T23:23:59Z">
          <reporter-output>
          </reporter-output>
        </test-method> <!-- connectDB -->
        <test-method status="PASS" signature="openBrowser()[pri:0, instance:Bank.Bank1@43a25848]" name="openBrowser" is-config="true" duration-ms="0" started-at="2019-05-27T23:23:59Z" finished-at="2019-05-27T23:23:59Z">
          <reporter-output>
          </reporter-output>
        </test-method> <!-- openBrowser -->
        <test-method status="PASS" signature="Login()[pri:0, instance:Bank.Bank1@43a25848]" name="Login" is-config="true" duration-ms="0" started-at="2019-05-27T23:23:59Z" finished-at="2019-05-27T23:23:59Z">
          <reporter-output>
          </reporter-output>
        </test-method> <!-- Login -->
        <test-method status="FAIL" signature="MoneyTransfer()[pri:0, instance:Bank.Bank1@43a25848]" name="MoneyTransfer" duration-ms="37" started-at="2019-05-27T23:23:59Z" finished-at="2019-05-27T23:23:59Z">
          <exception class="java.io.FileNotFoundException">
            <message>
              <![CDATA[D:\Selenium-Project\Abhishek_Project\Jenkins_Git\localgitrep\HDFCBank\ReportOP\TestHtmlReport.html (The system cannot find the path specified)]]>
            </message>
            <full-stacktrace>
              <![CDATA[java.io.FileNotFoundException: D:\Selenium-Project\Abhishek_Project\Jenkins_Git\localgitrep\HDFCBank\ReportOP\TestHtmlReport.html (The system cannot find the path specified)
	at java.io.FileOutputStream.open0(Native Method)
	at java.io.FileOutputStream.open(FileOutputStream.java:270)
	at java.io.FileOutputStream.<init>(FileOutputStream.java:213)
	at java.io.FileWriter.<init>(FileWriter.java:107)
	at Bank.Report.updateResult(Report.java:28)
	at Bank.Bank1.MoneyTransfer(Bank1.java:24)
	at sun.reflect.NativeMethodAccessorImpl.invoke0(Native Method)
	at sun.reflect.NativeMethodAccessorImpl.invoke(NativeMethodAccessorImpl.java:62)
	at sun.reflect.DelegatingMethodAccessorImpl.invoke(DelegatingMethodAccessorImpl.java:43)
	at java.lang.reflect.Method.invoke(Method.java:498)
	at org.testng.internal.MethodInvocationHelper.invokeMethod(MethodInvocationHelper.java:84)
	at org.testng.internal.Invoker.invokeMethod(Invoker.java:714)
	at org.testng.internal.Invoker.invokeTestMethod(Invoker.java:901)
	at org.testng.internal.Invoker.invokeTestMethods(Invoker.java:1231)
	at org.testng.internal.TestMethodWorker.invokeTestMethods(TestMethodWorker.java:127)
	at org.testng.internal.TestMethodWorker.run(TestMethodWorker.java:111)
	at org.testng.TestRunner.privateRun(TestRunner.java:767)
	at org.testng.TestRunner.run(TestRunner.java:617)
	at org.testng.SuiteRunner.runTest(SuiteRunner.java:334)
	at org.testng.SuiteRunner.runSequentially(SuiteRunner.java:329)
	at org.testng.SuiteRunner.privateRun(SuiteRunner.java:291)
	at org.testng.SuiteRunner.run(SuiteRunner.java:240)
	at org.testng.SuiteRunnerWorker.runSuite(SuiteRunnerWorker.java:52)
	at org.testng.SuiteRunnerWorker.run(SuiteRunnerWorker.java:86)
	at org.testng.TestNG.runSuitesSequentially(TestNG.java:1224)
	at org.testng.TestNG.runSuitesLocally(TestNG.java:1149)
	at org.testng.TestNG.run(TestNG.java:1057)
	at org.testng.TestNG.privateMain(TestNG.java:1364)
	at org.testng.TestNG.main(TestNG.java:1333)
]]>
            </full-stacktrace>
          </exception> <!-- java.io.FileNotFoundException -->
          <reporter-output>
          </reporter-output>
        </test-method> <!-- MoneyTransfer -->
        <test-method status="PASS" signature="Logout()[pri:0, instance:Bank.Bank1@43a25848]" name="Logout" is-config="true" duration-ms="0" started-at="2019-05-27T23:23:59Z" finished-at="2019-05-27T23:23:59Z">
          <reporter-output>
          </reporter-output>
        </test-method> <!-- Logout -->
        <test-method status="FAIL" signature="BillPayment()[pri:0, instance:Bank.Bank1@43a25848]" name="BillPayment" duration-ms="2" started-at="2019-05-27T23:23:59Z" finished-at="2019-05-27T23:23:59Z">
          <exception class="java.io.FileNotFoundException">
            <message>
              <![CDATA[D:\Selenium-Project\Abhishek_Project\Jenkins_Git\localgitrep\HDFCBank\ReportOP\TestHtmlReport.html (The system cannot find the path specified)]]>
            </message>
            <full-stacktrace>
              <![CDATA[java.io.FileNotFoundException: D:\Selenium-Project\Abhishek_Project\Jenkins_Git\localgitrep\HDFCBank\ReportOP\TestHtmlReport.html (The system cannot find the path specified)
	at java.io.FileOutputStream.open0(Native Method)
	at java.io.FileOutputStream.open(FileOutputStream.java:270)
	at java.io.FileOutputStream.<init>(FileOutputStream.java:213)
	at java.io.FileWriter.<init>(FileWriter.java:107)
	at Bank.Report.updateResult(Report.java:28)
	at Bank.Bank1.BillPayment(Bank1.java:51)
	at sun.reflect.NativeMethodAccessorImpl.invoke0(Native Method)
	at sun.reflect.NativeMethodAccessorImpl.invoke(NativeMethodAccessorImpl.java:62)
	at sun.reflect.DelegatingMethodAccessorImpl.invoke(DelegatingMethodAccessorImpl.java:43)
	at java.lang.reflect.Method.invoke(Method.java:498)
	at org.testng.internal.MethodInvocationHelper.invokeMethod(MethodInvocationHelper.java:84)
	at org.testng.internal.Invoker.invokeMethod(Invoker.java:714)
	at org.testng.internal.Invoker.invokeTestMethod(Invoker.java:901)
	at org.testng.internal.Invoker.invokeTestMethods(Invoker.java:1231)
	at org.testng.internal.TestMethodWorker.invokeTestMethods(TestMethodWorker.java:127)
	at org.testng.internal.TestMethodWorker.run(TestMethodWorker.java:111)
	at org.testng.TestRunner.privateRun(TestRunner.java:767)
	at org.testng.TestRunner.run(TestRunner.java:617)
	at org.testng.SuiteRunner.runTest(SuiteRunner.java:334)
	at org.testng.SuiteRunner.runSequentially(SuiteRunner.java:329)
	at org.testng.SuiteRunner.privateRun(SuiteRunner.java:291)
	at org.testng.SuiteRunner.run(SuiteRunner.java:240)
	at org.testng.SuiteRunnerWorker.runSuite(SuiteRunnerWorker.java:52)
	at org.testng.SuiteRunnerWorker.run(SuiteRunnerWorker.java:86)
	at org.testng.TestNG.runSuitesSequentially(TestNG.java:1224)
	at org.testng.TestNG.runSuitesLocally(TestNG.java:1149)
	at org.testng.TestNG.run(TestNG.java:1057)
	at org.testng.TestNG.privateMain(TestNG.java:1364)
	at org.testng.TestNG.main(TestNG.java:1333)
]]>
            </full-stacktrace>
          </exception> <!-- java.io.FileNotFoundException -->
          <reporter-output>
          </reporter-output>
        </test-method> <!-- BillPayment -->
        <test-method status="PASS" signature="Login()[pri:0, instance:Bank.Bank1@43a25848]" name="Login" is-config="true" duration-ms="0" started-at="2019-05-27T23:23:59Z" finished-at="2019-05-27T23:23:59Z">
          <reporter-output>
          </reporter-output>
        </test-method> <!-- Login -->
        <test-method status="PASS" signature="Logout()[pri:0, instance:Bank.Bank1@43a25848]" name="Logout" is-config="true" duration-ms="0" started-at="2019-05-27T23:23:59Z" finished-at="2019-05-27T23:23:59Z">
          <reporter-output>
          </reporter-output>
        </test-method> <!-- Logout -->
        <test-method status="PASS" signature="Login()[pri:0, instance:Bank.Bank1@43a25848]" name="Login" is-config="true" duration-ms="1" started-at="2019-05-27T23:23:59Z" finished-at="2019-05-27T23:23:59Z">
          <reporter-output>
          </reporter-output>
        </test-method> <!-- Login -->
        <test-method status="FAIL" signature="StdGen()[pri:0, instance:Bank.Bank1@43a25848]" name="StdGen" duration-ms="1" started-at="2019-05-27T23:23:59Z" finished-at="2019-05-27T23:23:59Z">
          <exception class="java.io.FileNotFoundException">
            <message>
              <![CDATA[D:\Selenium-Project\Abhishek_Project\Jenkins_Git\localgitrep\HDFCBank\ReportOP\TestHtmlReport.html (The system cannot find the path specified)]]>
            </message>
            <full-stacktrace>
              <![CDATA[java.io.FileNotFoundException: D:\Selenium-Project\Abhishek_Project\Jenkins_Git\localgitrep\HDFCBank\ReportOP\TestHtmlReport.html (The system cannot find the path specified)
	at java.io.FileOutputStream.open0(Native Method)
	at java.io.FileOutputStream.open(FileOutputStream.java:270)
	at java.io.FileOutputStream.<init>(FileOutputStream.java:213)
	at java.io.FileWriter.<init>(FileWriter.java:107)
	at Bank.Report.updateResult(Report.java:28)
	at Bank.Bank1.StdGen(Bank1.java:38)
	at sun.reflect.NativeMethodAccessorImpl.invoke0(Native Method)
	at sun.reflect.NativeMethodAccessorImpl.invoke(NativeMethodAccessorImpl.java:62)
	at sun.reflect.DelegatingMethodAccessorImpl.invoke(DelegatingMethodAccessorImpl.java:43)
	at java.lang.reflect.Method.invoke(Method.java:498)
	at org.testng.internal.MethodInvocationHelper.invokeMethod(MethodInvocationHelper.java:84)
	at org.testng.internal.Invoker.invokeMethod(Invoker.java:714)
	at org.testng.internal.Invoker.invokeTestMethod(Invoker.java:901)
	at org.testng.internal.Invoker.invokeTestMethods(Invoker.java:1231)
	at org.testng.internal.TestMethodWorker.invokeTestMethods(TestMethodWorker.java:127)
	at org.testng.internal.TestMethodWorker.run(TestMethodWorker.java:111)
	at org.testng.TestRunner.privateRun(TestRunner.java:767)
	at org.testng.TestRunner.run(TestRunner.java:617)
	at org.testng.SuiteRunner.runTest(SuiteRunner.java:334)
	at org.testng.SuiteRunner.runSequentially(SuiteRunner.java:329)
	at org.testng.SuiteRunner.privateRun(SuiteRunner.java:291)
	at org.testng.SuiteRunner.run(SuiteRunner.java:240)
	at org.testng.SuiteRunnerWorker.runSuite(SuiteRunnerWorker.java:52)
	at org.testng.SuiteRunnerWorker.run(SuiteRunnerWorker.java:86)
	at org.testng.TestNG.runSuitesSequentially(TestNG.java:1224)
	at org.testng.TestNG.runSuitesLocally(TestNG.java:1149)
	at org.testng.TestNG.run(TestNG.java:1057)
	at org.testng.TestNG.privateMain(TestNG.java:1364)
	at org.testng.TestNG.main(TestNG.java:1333)
]]>
            </full-stacktrace>
          </exception> <!-- java.io.FileNotFoundException -->
          <reporter-output>
          </reporter-output>
        </test-method> <!-- StdGen -->
        <test-method status="PASS" signature="Logout()[pri:0, instance:Bank.Bank1@43a25848]" name="Logout" is-config="true" duration-ms="0" started-at="2019-05-27T23:23:59Z" finished-at="2019-05-27T23:23:59Z">
          <reporter-output>
          </reporter-output>
        </test-method> <!-- Logout -->
        <test-method status="SKIP" signature="ApplyCC()[pri:0, instance:Bank.Bank1@43a25848]" name="ApplyCC" duration-ms="1" started-at="2019-05-27T23:23:59Z" depends-on-methods="Bank.Bank1.BillPayment" finished-at="2019-05-27T23:23:59Z">
          <reporter-output>
          </reporter-output>
        </test-method> <!-- ApplyCC -->
        <test-method status="PASS" signature="CloseBrowser()[pri:0, instance:Bank.Bank1@43a25848]" name="CloseBrowser" is-config="true" duration-ms="1" started-at="2019-05-27T23:23:59Z" finished-at="2019-05-27T23:23:59Z">
          <reporter-output>
          </reporter-output>
        </test-method> <!-- CloseBrowser -->
        <test-method status="PASS" signature="DisconnectDB()[pri:0, instance:Bank.Bank1@43a25848]" name="DisconnectDB" is-config="true" duration-ms="0" started-at="2019-05-27T23:23:59Z" finished-at="2019-05-27T23:23:59Z">
          <reporter-output>
          </reporter-output>
        </test-method> <!-- DisconnectDB -->
      </class> <!-- Bank.Bank1 -->
      <class name="Bank.Bank4">
        <test-method status="PASS" signature="ITReturn()[pri:0, instance:Bank.Bank4@e580929]" name="ITReturn" duration-ms="1" started-at="2019-05-27T23:23:59Z" finished-at="2019-05-27T23:23:59Z">
          <reporter-output>
          </reporter-output>
        </test-method> <!-- ITReturn -->
        <test-method status="PASS" signature="PayTax()[pri:0, instance:Bank.Bank4@e580929]" name="PayTax" duration-ms="5" started-at="2019-05-27T23:23:59Z" finished-at="2019-05-27T23:23:59Z">
          <reporter-output>
          </reporter-output>
        </test-method> <!-- PayTax -->
      </class> <!-- Bank.Bank4 -->
    </test> <!-- Mod1 -->
    <test name="Mod2" duration-ms="7" started-at="2019-05-27T17:54:00Z" finished-at="2019-05-27T17:54:00Z">
      <class name="Bank.Bank1">
        <test-method status="PASS" signature="OpenSel()[pri:0, instance:Bank.Bank1@43a25848]" name="OpenSel" is-config="true" duration-ms="11" started-at="2019-05-27T23:23:59Z" finished-at="2019-05-27T23:23:59Z">
          <reporter-output>
          </reporter-output>
        </test-method> <!-- OpenSel -->
        <test-method status="PASS" signature="OpenSel()[pri:0, instance:Bank.Bank2@60f82f98]" name="OpenSel" is-config="true" duration-ms="0" started-at="2019-05-27T23:23:59Z" finished-at="2019-05-27T23:23:59Z">
          <reporter-output>
          </reporter-output>
        </test-method> <!-- OpenSel -->
        <test-method status="PASS" signature="CloseSel()[pri:0, instance:Bank.Bank1@43a25848]" name="CloseSel" is-config="true" duration-ms="0" started-at="2019-05-27T23:24:00Z" finished-at="2019-05-27T23:24:00Z">
          <reporter-output>
          </reporter-output>
        </test-method> <!-- CloseSel -->
        <test-method status="PASS" signature="CloseSel()[pri:0, instance:Bank.Bank2@60f82f98]" name="CloseSel" is-config="true" duration-ms="0" started-at="2019-05-27T23:24:00Z" finished-at="2019-05-27T23:24:00Z">
          <reporter-output>
          </reporter-output>
        </test-method> <!-- CloseSel -->
      </class> <!-- Bank.Bank1 -->
      <class name="Bank.Bank2">
        <test-method status="PASS" signature="xyz()[pri:0, instance:Bank.Bank2@60f82f98]" name="xyz" is-config="true" duration-ms="0" started-at="2019-05-27T23:24:00Z" finished-at="2019-05-27T23:24:00Z">
          <reporter-output>
          </reporter-output>
        </test-method> <!-- xyz -->
        <test-method status="FAIL" signature="ApplyHL()[pri:0, instance:Bank.Bank2@60f82f98]" name="ApplyHL" duration-ms="2" started-at="2019-05-27T23:24:00Z" finished-at="2019-05-27T23:24:00Z">
          <exception class="java.io.FileNotFoundException">
            <message>
              <![CDATA[D:\Selenium-Project\Abhishek_Project\Jenkins_Git\localgitrep\HDFCBank\ReportOP\TestHtmlReport.html (The system cannot find the path specified)]]>
            </message>
            <full-stacktrace>
              <![CDATA[java.io.FileNotFoundException: D:\Selenium-Project\Abhishek_Project\Jenkins_Git\localgitrep\HDFCBank\ReportOP\TestHtmlReport.html (The system cannot find the path specified)
	at java.io.FileOutputStream.open0(Native Method)
	at java.io.FileOutputStream.open(FileOutputStream.java:270)
	at java.io.FileOutputStream.<init>(FileOutputStream.java:213)
	at java.io.FileWriter.<init>(FileWriter.java:107)
	at Bank.Report.updateResult(Report.java:28)
	at Bank.Bank2.ApplyHL(Bank2.java:34)
	at sun.reflect.NativeMethodAccessorImpl.invoke0(Native Method)
	at sun.reflect.NativeMethodAccessorImpl.invoke(NativeMethodAccessorImpl.java:62)
	at sun.reflect.DelegatingMethodAccessorImpl.invoke(DelegatingMethodAccessorImpl.java:43)
	at java.lang.reflect.Method.invoke(Method.java:498)
	at org.testng.internal.MethodInvocationHelper.invokeMethod(MethodInvocationHelper.java:84)
	at org.testng.internal.Invoker.invokeMethod(Invoker.java:714)
	at org.testng.internal.Invoker.invokeTestMethod(Invoker.java:901)
	at org.testng.internal.Invoker.invokeTestMethods(Invoker.java:1231)
	at org.testng.internal.TestMethodWorker.invokeTestMethods(TestMethodWorker.java:127)
	at org.testng.internal.TestMethodWorker.run(TestMethodWorker.java:111)
	at org.testng.TestRunner.privateRun(TestRunner.java:767)
	at org.testng.TestRunner.run(TestRunner.java:617)
	at org.testng.SuiteRunner.runTest(SuiteRunner.java:334)
	at org.testng.SuiteRunner.runSequentially(SuiteRunner.java:329)
	at org.testng.SuiteRunner.privateRun(SuiteRunner.java:291)
	at org.testng.SuiteRunner.run(SuiteRunner.java:240)
	at org.testng.SuiteRunnerWorker.runSuite(SuiteRunnerWorker.java:52)
	at org.testng.SuiteRunnerWorker.run(SuiteRunnerWorker.java:86)
	at org.testng.TestNG.runSuitesSequentially(TestNG.java:1224)
	at org.testng.TestNG.runSuitesLocally(TestNG.java:1149)
	at org.testng.TestNG.run(TestNG.java:1057)
	at org.testng.TestNG.privateMain(TestNG.java:1364)
	at org.testng.TestNG.main(TestNG.java:1333)
]]>
            </full-stacktrace>
          </exception> <!-- java.io.FileNotFoundException -->
          <reporter-output>
          </reporter-output>
        </test-method> <!-- ApplyHL -->
        <test-method status="PASS" signature="xyz()[pri:0, instance:Bank.Bank2@60f82f98]" name="xyz" is-config="true" duration-ms="0" started-at="2019-05-27T23:24:00Z" finished-at="2019-05-27T23:24:00Z">
          <reporter-output>
          </reporter-output>
        </test-method> <!-- xyz -->
        <test-method status="FAIL" signature="ApplyPL()[pri:0, instance:Bank.Bank2@60f82f98]" name="ApplyPL" duration-ms="1" started-at="2019-05-27T23:24:00Z" finished-at="2019-05-27T23:24:00Z">
          <exception class="java.io.FileNotFoundException">
            <message>
              <![CDATA[D:\Selenium-Project\Abhishek_Project\Jenkins_Git\localgitrep\HDFCBank\ReportOP\TestHtmlReport.html (The system cannot find the path specified)]]>
            </message>
            <full-stacktrace>
              <![CDATA[java.io.FileNotFoundException: D:\Selenium-Project\Abhishek_Project\Jenkins_Git\localgitrep\HDFCBank\ReportOP\TestHtmlReport.html (The system cannot find the path specified)
	at java.io.FileOutputStream.open0(Native Method)
	at java.io.FileOutputStream.open(FileOutputStream.java:270)
	at java.io.FileOutputStream.<init>(FileOutputStream.java:213)
	at java.io.FileWriter.<init>(FileWriter.java:107)
	at Bank.Report.updateResult(Report.java:28)
	at Bank.Bank2.ApplyPL(Bank2.java:45)
	at sun.reflect.NativeMethodAccessorImpl.invoke0(Native Method)
	at sun.reflect.NativeMethodAccessorImpl.invoke(NativeMethodAccessorImpl.java:62)
	at sun.reflect.DelegatingMethodAccessorImpl.invoke(DelegatingMethodAccessorImpl.java:43)
	at java.lang.reflect.Method.invoke(Method.java:498)
	at org.testng.internal.MethodInvocationHelper.invokeMethod(MethodInvocationHelper.java:84)
	at org.testng.internal.Invoker.invokeMethod(Invoker.java:714)
	at org.testng.internal.Invoker.invokeTestMethod(Invoker.java:901)
	at org.testng.internal.Invoker.invokeTestMethods(Invoker.java:1231)
	at org.testng.internal.TestMethodWorker.invokeTestMethods(TestMethodWorker.java:127)
	at org.testng.internal.TestMethodWorker.run(TestMethodWorker.java:111)
	at org.testng.TestRunner.privateRun(TestRunner.java:767)
	at org.testng.TestRunner.run(TestRunner.java:617)
	at org.testng.SuiteRunner.runTest(SuiteRunner.java:334)
	at org.testng.SuiteRunner.runSequentially(SuiteRunner.java:329)
	at org.testng.SuiteRunner.privateRun(SuiteRunner.java:291)
	at org.testng.SuiteRunner.run(SuiteRunner.java:240)
	at org.testng.SuiteRunnerWorker.runSuite(SuiteRunnerWorker.java:52)
	at org.testng.SuiteRunnerWorker.run(SuiteRunnerWorker.java:86)
	at org.testng.TestNG.runSuitesSequentially(TestNG.java:1224)
	at org.testng.TestNG.runSuitesLocally(TestNG.java:1149)
	at org.testng.TestNG.run(TestNG.java:1057)
	at org.testng.TestNG.privateMain(TestNG.java:1364)
	at org.testng.TestNG.main(TestNG.java:1333)
]]>
            </full-stacktrace>
          </exception> <!-- java.io.FileNotFoundException -->
          <reporter-output>
          </reporter-output>
        </test-method> <!-- ApplyPL -->
      </class> <!-- Bank.Bank2 -->
      <class name="Bank.Bank3">
        <test-method status="PASS" signature="login(java.lang.String, java.lang.String)[pri:0, instance:Bank.Bank3@6442b0a6]" name="login" duration-ms="1" started-at="2019-05-27T23:24:00Z" data-provider="uidpwd" finished-at="2019-05-27T23:24:00Z">
          <params>
            <param index="0">
              <value>
                <![CDATA[u1]]>
              </value>
            </param>
            <param index="1">
              <value>
                <![CDATA[p1]]>
              </value>
            </param>
          </params>
          <reporter-output>
          </reporter-output>
        </test-method> <!-- login -->
        <test-method status="PASS" signature="product(java.lang.String, java.lang.String, java.lang.String)[pri:0, instance:Bank.Bank3@6442b0a6]" name="product" duration-ms="0" started-at="2019-05-27T23:24:00Z" data-provider="product" finished-at="2019-05-27T23:24:00Z">
          <params>
            <param index="0">
              <value>
                <![CDATA[data11]]>
              </value>
            </param>
            <param index="1">
              <value>
                <![CDATA[data12]]>
              </value>
            </param>
            <param index="2">
              <value>
                <![CDATA[data13]]>
              </value>
            </param>
          </params>
          <reporter-output>
          </reporter-output>
        </test-method> <!-- product -->
        <test-method status="PASS" signature="login(java.lang.String, java.lang.String)[pri:0, instance:Bank.Bank3@6442b0a6]" name="login" duration-ms="0" started-at="2019-05-27T23:24:00Z" data-provider="uidpwd" finished-at="2019-05-27T23:24:00Z">
          <params>
            <param index="0">
              <value>
                <![CDATA[u2]]>
              </value>
            </param>
            <param index="1">
              <value>
                <![CDATA[p2]]>
              </value>
            </param>
          </params>
          <reporter-output>
          </reporter-output>
        </test-method> <!-- login -->
        <test-method status="PASS" signature="product(java.lang.String, java.lang.String, java.lang.String)[pri:0, instance:Bank.Bank3@6442b0a6]" name="product" duration-ms="0" started-at="2019-05-27T23:24:00Z" data-provider="product" finished-at="2019-05-27T23:24:00Z">
          <params>
            <param index="0">
              <value>
                <![CDATA[data21]]>
              </value>
            </param>
            <param index="1">
              <value>
                <![CDATA[data22]]>
              </value>
            </param>
            <param index="2">
              <value>
                <![CDATA[data23]]>
              </value>
            </param>
          </params>
          <reporter-output>
          </reporter-output>
        </test-method> <!-- product -->
      </class> <!-- Bank.Bank3 -->
    </test> <!-- Mod2 -->
  </suite> <!-- My Test Suite -->
</testng-results>
